78 57 95 68 55 1 24 54 84 66 2 90 5 65 92 80 3 8 7 52 4 39 69 77 29 12 75 6 33 74 73 44 47 14 16 48 28 86 64 13 56 85 17 79 71 99 21 43 26 59 22 40 23 62 25 82 91 51 27 50 87 46 88 81 61 89
78 22
78 25
78 50
57 77
57 85
95 50
95 68
95 88
68 13
55 66
55 87
1 24
1 54
1 66
24 65
54 56
84 5
84 86
84 87
66 6
2 90
2 5
2 92
5 29
5 75
65 17
92 21
80 33
3 8
3 7
8 47
7 6
7 44
52 23
52 74
4 69
39 29
69 51
12 64
6 33
6 73
33 46
74 89
74 81
73 82
47 62
14 56
16 85
48 22
28 17
86 23
64 26
85 40
79 61
71 87
99 89
21 43
21 26
21 59
26 51
22 40
62 27
25 82
91 51
81 61