0 2 5 54 56 71 78 87 30 37 63 66 70 94 7 55 62 69 85 15 84 43 20 38 50 92 6 16 48 65 98 99 23 52 72 9 19 27 44 76 81 88 11 36 40 34 75 83 13 51 61 97 22 24 41 96 18 60 17 28 53 68 82 95 73 79 80 49 74 31 45 39 93 91 64
0 56
2 55
2 62
2 85
5 20
5 38
54 18
54 30
54 37
54 55
54 75
56 27
71 78
78 30
78 61
78 88
87 72
37 24
63 6
63 11
63 49
63 53
66 53
70 72
70 91
94 79
7 92
55 98
62 80
69 31
15 65
15 96
84 52
84 91
43 73
43 98
38 13
50 48
50 73
92 36
92 76
6 99
16 13
65 39
98 40
23 19
9 19
9 27
9 76
19 95
19 96
27 22
27 41
27 74
44 51
44 60
76 75
81 31
11 36
36 45
34 17
83 49
13 61
97 82
22 79
96 82
60 74
60 91
17 28
17 68
28 74
80 64
31 45
93 91