0 23 27 1 20 29 30 2 11 16 9 31 32 33 3 7 34 35 36 4 10 8 38 39 5 17 42 6 43 44 45 48 12 24 51 53 54 55 56 57 58 59 60 61 62 63 13 14 64 66 15 22 69 71 73 74 76 77 18 80 19 82 85 88 91 92 93 95 96 97
0 27
23 95
23 96
27 80
27 76
1 29
1 30
20 85
30 35
2 31
2 32
2 33
11 58
11 60
16 73
16 74
9 53
9 54
31 91
31 82
32 42
32 61
33 69
3 34
3 35
3 36
7 48
35 43
36 77
4 38
4 39
10 55
10 56
10 57
8 51
38 88
39 62
5 42
17 76
17 77
42 71
6 43
6 44
6 45
43 48
44 62
45 93
12 62
12 63
24 97
51 77
53 93
56 92
58 66
58 77
59 74
62 97
62 73
63 95
13 64
13 66
14 69
64 85
15 71
22 91
22 92
22 93
18 80
19 82