0 82 89 92 11 29 33 70 78 37 3 61 63 4 21 5 53 79 95 6 8 66 64 99 35 9 16 62 69 10 58 81 24 41 12 22 25 68 74 15 48 98 17 40 42 50 57 47 39 45 55 90 26 97 85 96 32 54 38 77 88 93 84 72 75 91
0 82
0 89
82 96
89 54
92 3
11 61
29 6
29 15
29 39
29 66
33 3
33 70
70 40
78 17
37 16
37 58
61 8
61 12
63 6
63 16
4 21
21 99
5 79
53 9
53 38
79 68
95 77
95 81
8 35
66 74
64 69
64 75
99 12
99 25
35 24
35 41
9 62
9 69
16 25
62 58
10 81
41 42
22 50
22 90
25 48
68 74
48 98
98 40
17 40
50 85
57 91
47 32
47 93
39 96
45 84
55 26
90 54
26 97
97 32
85 91
38 77
38 88
77 72
88 84
93 72