1 2 3 4 5 6 7 8 9 10 11 12 13 14 15 16 17 18 26 24 25 31 32 28 29 20 21 22 23 33 34 35 36 37 38 39 40 87 89 90 91 41 42 47 48 49 50 51 54 56 57 58 60 45 61 62 64 65 69 71 72 66 67 73 76 85 86 78 80 81 82 84 93 96
1 2
1 72
2 3
3 4
4 5
4 90
4 57
4 20
5 6
6 7
6 78
7 8
8 9
9 10
9 85
10 11
10 28
11 12
12 13
13 14
14 15
15 16
16 17
17 18
26 25
24 25
24 23
31 32
31 60
31 48
32 33
32 54
28 29
28 23
29 76
20 21
21 22
23 96
33 34
34 35
34 78
34 80
35 36
36 37
37 38
38 39
39 40
40 41
87 86
89 84
90 91
41 42
47 48
48 49
49 50
50 51
56 45
56 93
57 58
60 61
45 65
61 62
64 65
65 66
69 72
71 72
72 73
66 67
67 76
85 86
85 84
80 81
81 82