28 13 36 26 66 42 20 34 80 98 49 43 57 65 46 24 79 55 11 21 94 41 9 30 27 61 59 58 48 52 29 85 91 68 32 10 93 25 72 39 90 83 38 16 81 6 95 44 89 63 37 19 75 1 69 17 54 4 23
28 23
13 83
36 9
36 23
26 89
66 23
42 24
20 6
34 23
80 98
98 49
49 43
43 57
43 55
43 81
43 44
57 65
46 48
24 79
24 6
55 23
11 72
21 85
94 68
94 1
41 9
41 39
41 89
9 4
30 54
27 59
61 59
59 4
58 39
48 23
52 29
29 90
85 23
91 25
32 44
10 93
10 23
25 23
72 75
39 63
90 19
83 38
38 1
38 23
16 23
81 19
6 17
6 23
95 23
37 19
75 23
69 17
54 23