0 32 71 61 94 74 7 45 11 22 51 3 59 34 89 96 4 92 49 41 52 48 85 5 40 97 6 42 70 54 62 33 12 82 29 99 23 13 76 14 46 81 80 98 95 21 20 24 91 30 58 43 28 26 93 55 64 57 53
0 32
0 61
32 85
71 6
71 45
61 80
94 99
74 14
7 3
7 42
7 11
45 21
11 48
11 34
11 97
11 99
22 12
22 91
22 30
22 58
51 97
51 64
3 96
59 99
34 24
89 13
89 96
96 14
4 92
4 52
92 29
49 40
41 23
41 52
48 81
85 14
5 40
40 58
40 64
97 62
6 42
6 54
70 12
70 20
70 46
54 76
33 26
12 23
82 14
76 57
46 98
80 26
95 93
24 43
30 93
43 28
43 55
64 53