0 75 33 97 49 74 12 26 30 2 98 82 50 65 27 71 59 5 81 89 6 63 88 84 13 96 19 40 9 10 38 87 45 68 79 93 64 58 62 35 85 76 48 25 15 16 21 60 47 39 56 32 23 91 54 43 69 77 57 80 31 78 95 86 46 51
0 49
0 12
75 39
33 21
33 32
97 87
74 27
74 80
74 85
12 13
26 27
26 88
30 31
2 65
2 71
98 84
82 78
82 86
50 35
50 60
65 95
71 9
59 60
59 96
5 96
5 19
81 57
89 56
89 69
6 9
6 10
63 64
63 87
84 38
84 76
13 58
40 39
9 93
10 58
38 21
87 35
45 46
68 51
79 78
79 85
93 78
62 77
85 16
85 76
76 77
48 47
48 54
25 69
15 16
60 47
39 32
56 57
32 31
23 54
91 43
91 80
54 80
69 51
69 77
46 51