0 1 2 3 5 6 8 9 10 11 12 14 15 18 19 20 21 22 23 26 25 27 28 29 30 31 32 33 35 36 37 39 40 42 44 46 48 49 51 50 52 53 54 55 56 57 58 60 61 62 64 65 67 69 71 73 74 76 75 77 78 79 80 81 82 83 85 86 87 89 91 92 93 94 95 96 98 99
0 1
0 5
1 2
2 3
2 9
3 11
5 6
5 14
6 23
8 9
8 21
9 10
10 19
11 12
14 15
18 19
18 49
20 21
22 23
26 25
26 27
26 32
25 30
27 28
28 29
28 36
30 31
30 39
31 48
32 33
33 46
35 36
35 44
36 37
37 42
39 40
40 74
48 49
51 50
51 52
51 57
50 55
52 53
53 54
53 61
55 56
55 64
56 73
57 58
58 71
60 61
60 69
61 62
62 67
64 65
65 99
73 74
76 75
76 77
76 82
75 80
77 78
78 79
78 86
80 81
80 89
81 98
82 83
83 96
85 86
85 94
86 87
87 92
91 92
93 94
95 96
98 99