30 48 72 45 90 98 37 21 58 50 11 36 78 73 14 67 87 25 86 51 91 85 41 2 43 38 60 26 57 27 52 84 81 66 96 49 64 77 95 71 92 68 82 89 93 74 69 83 56 80 44 79 62 33 94 61 76 97
30 72
30 64
48 51
48 82
45 91
90 94
90 87
98 2
98 94
98 71
37 69
37 14
37 81
21 73
58 94
50 96
50 56
11 60
36 82
78 82
73 82
67 93
87 38
87 60
25 81
86 44
86 64
91 83
85 82
85 89
41 83
41 33
43 94
26 49
57 82
27 82
27 94
52 94
84 80
81 94
81 92
66 93
66 62
66 64
66 74
96 69
49 97
64 89
77 94
95 94
71 83
68 79
82 76
82 79
80 94
94 97
61 97