0 14 27 1 29 91 9 81 64 2 96 50 16 3 52 70 36 21 17 79 59 34 6 80 56 47 88 31 62 49 30 4 67 46 38 95 32 48 42 11 71 39 55 8 45 93 7 37 51 97 33 44 25 90 5 19 28 68 82 12 15 89 87 66
0 27
0 29
0 9
14 3
27 46
1 3
1 52
1 59
29 55
29 56
29 91
91 68
9 15
81 89
64 7
2 67
2 46
2 49
2 32
2 48
2 42
2 70
96 19
96 34
50 5
16 56
16 25
70 28
36 19
36 66
21 30
17 42
79 4
59 5
34 5
6 5
6 80
6 97
80 8
47 46
88 5
31 87
31 71
62 67
30 89
4 33
4 11
46 33
38 12
95 28
48 39
48 89
45 12
45 33
93 7
93 90
7 5
7 12
37 97
51 25
97 82
44 90
82 87