0 11 25 26 27 1 9 12 29 30 2 23 21 31 32 33 3 24 36 4 6 37 38 39 5 20 41 44 7 10 47 48 8 14 22 50 19 52 56 58 60 17 61 63 13 65 68 69 72 75 77 78 18 79 80 83 84 85 86 90 91 95 97
0 25
0 26
0 27
11 58
11 60
25 78
26 83
27 65
27 85
1 29
1 30
9 52
12 63
29 60
30 36
2 31
2 32
2 33
23 95
21 90
32 47
3 36
24 97
4 37
4 38
4 39
6 44
37 69
37 91
38 97
5 41
20 85
20 86
41 63
44 56
7 47
7 48
10 56
47 52
47 60
48 50
48 61
8 50
14 68
14 69
22 91
19 83
19 84
56 80
58 72
17 77
17 78
61 63
13 65
68 79
72 77
75 90
75 86
18 79
18 80
79 84
80 95