0 10 13 25 26 27 1 5 19 28 29 2 9 33 3 34 4 21 7 38 40 41 42 6 16 44 20 47 48 8 11 49 17 52 53 56 12 58 59 61 18 64 65 66 14 15 67 68 69 70 74 75 76 79 81 83 22 23 86 87 88 90 91 95 98
0 25
0 26
0 27
10 56
13 64
13 65
13 66
25 44
25 56
26 28
27 42
27 70
1 28
1 29
5 40
5 41
5 42
19 83
2 33
9 52
9 53
33 86
3 34
34 58
4 38
21 88
21 90
7 47
7 48
38 88
41 47
6 44
16 74
16 75
20 86
20 87
47 79
48 98
8 49
11 58
11 59
49 52
17 76
53 98
12 61
59 98
61 90
18 79
18 81
64 69
65 81
66 90
66 76
14 67
14 68
14 69
15 70
68 74
69 91
69 95
75 87
81 83
22 91
23 95