0 2 3 4 6 8 9 10 11 12 13 14 15 16 18 20 21 22 24 26 28 29 30 33 35 37 38 39 40 41 42 44 45 46 47 49 50 53 54 55 58 59 62 63 64 66 68 69 70 71 72 73 74 75 76 78 79 80 81 82 83 85 86 88 89 90 92 94 95 96
0 63
0 75
2 13
2 4
3 53
3 26
4 49
6 15
8 9
8 41
9 88
10 69
10 46
11 12
11 35
12 13
13 14
13 86
14 15
16 80
18 50
20 21
20 55
21 62
22 75
24 89
28 76
29 30
29 37
29 35
33 71
33 45
38 68
38 50
39 44
40 41
40 62
42 73
44 45
46 47
46 94
49 50
53 54
53 88
54 76
54 78
58 59
58 81
59 92
63 64
64 83
66 82
69 70
70 71
71 79
72 73
72 95
73 74
74 75
74 81
74 90
78 79
79 85
80 81
82 83
85 86
89 94
94 95
95 96