1 2 4 5 6 7 8 9 10 12 13 15 16 17 19 20 21 22 23 24 25 26 27 28 30 32 33 35 37 39 40 41 43 44 46 48 50 52 53 54 55 56 58 60 62 63 64 65 67 68 70 71 73 74 75 77 78 79 80 81 83 85 86 88 90 91 92 93 95 96 97 98
1 2
2 6
4 79
5 55
6 7
6 74
7 8
7 63
7 68
9 10
9 95
12 64
13 53
15 16
15 90
16 17
17 52
19 46
19 62
20 21
20 86
20 95
21 22
22 90
23 24
23 64
24 25
24 63
24 81
26 74
27 28
27 80
28 58
30 35
30 63
32 33
33 75
37 54
37 88
39 40
40 41
40 48
43 44
43 62
48 80
50 93
53 68
54 55
54 85
55 56
58 97
60 86
62 63
62 78
62 91
63 93
64 65
64 98
67 74
70 71
70 96
73 96
74 75
77 78
79 80
80 81
83 90
85 86
91 92
91 96
95 96