87 4 8 41 70 54 66 56 18 50 25 39 27 96 64 26 79 33 92 3 31 35 61 89 10 34 19 82 24 51 52 53 16 63 57 77 43 59 62 90 30 6 99 36 75 13 47 1 67 20 83 58 86 91 2 12 11 81 55 29 93 48 40
87 4
87 63
8 99
8 54
41 39
70 33
70 27
54 16
66 77
66 55
66 39
56 64
56 13
18 25
18 3
18 43
50 91
50 90
39 20
96 59
64 26
64 33
64 89
26 63
26 58
26 12
79 31
33 48
92 30
92 1
92 34
31 35
35 93
61 86
89 6
89 86
10 43
10 11
19 48
82 20
24 20
51 20
52 81
53 12
16 59
16 75
16 83
63 57
63 36
57 29
77 43
62 93
90 93
30 91
6 99
99 40
13 47
47 1
67 55
20 81
91 2
55 93