80 58 14 55 7 83 86 94 42 12 36 50 44 82 59 63 81 64 0 74 6 48 24 41 19 89 30 3 28 87 23 37 97 67 33 27 61 10 16 54 60 65 8 51 70 34 71 88 35 13 66 21 72 15 98 95 17 31 49 96 77 53 75 91 29 85
80 58
80 94
80 82
58 3
58 10
14 61
14 42
14 71
55 37
7 19
83 37
86 94
86 37
94 27
42 33
42 72
42 96
12 51
12 30
36 16
50 34
50 53
50 75
44 82
82 54
59 63
59 89
59 60
81 64
81 19
64 98
0 74
74 98
74 75
6 96
6 70
48 13
24 41
24 15
41 17
41 21
19 30
89 71
3 28
28 8
87 23
23 97
37 97
37 21
37 31
97 49
67 33
67 13
27 65
61 10
16 54
51 66
51 29
34 85
88 21
35 49
13 95
66 77
31 53
91 29