0 14 5 8 25 26 1 15 4 29 30 2 3 32 33 12 34 35 36 23 38 39 17 40 6 19 10 44 45 7 11 20 46 47 13 16 51 9 21 52 53 54 56 59 62 63 64 68 72 18 24 73 74 75 76 78 81 82 86 88 90 22 92 94 97 98
0 25
0 26
14 68
5 40
8 51
25 45
25 76
26 98
1 29
1 30
15 72
4 38
4 39
30 45
2 32
2 33
3 34
3 35
3 36
32 64
32 81
33 47
12 62
12 63
34 59
35 44
35 82
36 38
23 94
39 47
39 52
17 76
17 78
40 97
6 44
6 45
19 82
10 56
7 46
7 47
11 59
20 86
46 56
46 72
13 64
16 73
16 74
16 75
51 90
9 52
9 53
9 54
21 88
21 90
54 92
62 98
62 74
63 68
18 81
24 97
24 98
73 94
86 90
88 97
22 92