0 2 4 5 1 3 23 24 7 17 16 10 12 6 18 21 14 11 9 8 13 20 30 32 29 34 44 42 39 41 46 36 25 33 48 49 28 47 37 69 93 70 92 52 89 71 72 74 75 79 77 88 98 60 53 51 87 97 62 54 63 55 67 57 65 82 58 83 81
0 9
0 14
2 3
2 4
2 13
4 1
5 1
5 12
1 16
1 7
1 39
3 20
23 24
23 30
23 89
23 51
7 32
17 42
17 67
17 44
16 18
16 53
10 32
10 92
12 9
6 18
6 67
21 13
14 11
11 74
8 33
20 82
30 29
32 29
32 52
34 92
42 87
39 63
41 47
41 82
46 48
46 77
36 74
25 37
33 72
48 49
49 28
28 74
47 81
37 71
69 93
93 70
70 92
92 71
89 88
71 72
74 75
79 77
98 60
98 97
60 54
62 55
54 63
54 55
63 65
67 57
57 58
58 83