0 14 19 21 7 25 26 1 22 29 2 4 31 3 20 34 35 6 5 37 38 13 24 40 41 12 44 46 47 8 16 50 51 9 15 23 52 53 54 10 18 57 11 58 59 60 61 65 66 67 70 73 75 17 76 77 78 81 83 87 88 89 93 95 99
0 25
0 26
14 67
19 83
21 88
21 89
7 46
7 47
25 35
26 53
26 99
1 29
22 93
29 93
29 73
2 31
4 37
4 38
31 50
31 78
3 34
3 35
20 87
34 61
6 44
5 40
5 41
37 83
38 52
13 65
13 66
24 99
41 58
12 61
44 54
44 59
46 78
47 57
8 50
8 51
16 73
16 75
9 52
9 53
9 54
15 70
23 95
53 75
53 87
10 57
18 81
57 59
11 58
11 59
11 60
58 95
58 66
60 81
65 67
70 77
17 76
17 77
17 78
77 88