0 22 25 27 1 12 14 7 28 30 2 6 32 33 3 16 24 34 35 4 9 21 37 39 5 40 43 44 20 46 47 8 50 10 52 53 17 55 57 11 18 60 61 63 13 65 66 67 15 72 19 73 76 77 81 83 23 86 88 89 90 91 93 94 98 99
0 25
0 27
22 91
22 93
27 83
1 28
1 30
12 61
12 63
14 67
7 46
7 47
28 60
30 47
2 32
2 33
6 43
6 44
32 72
33 66
3 34
3 35
16 73
24 98
24 99
34 37
34 44
35 83
35 53
4 37
4 39
9 52
9 53
21 88
21 89
21 90
39 40
5 40
40 93
44 86
20 86
46 65
46 90
47 76
8 50
50 77
10 55
10 57
17 76
17 77
57 86
11 60
18 81
61 67
13 65
13 66
67 91
15 72
19 83
73 86
81 99
23 94
88 98
93 99
94 99