22 34 36 91 1 4 11 35 56 82 86 96 8 78 87 19 29 64 69 88 43 5 6 13 42 70 85 51 62 90 7 25 52 9 23 76 10 80 15 28 60 61 95 14 38 67 18 16 97 39 41 49 17 72 58 48 21 54 53 32 73
22 87
34 17
34 42
34 85
36 73
91 23
1 82
1 96
4 35
4 43
11 61
11 95
56 29
56 41
82 25
86 49
96 23
8 9
8 90
78 85
87 7
87 62
19 28
19 60
64 9
64 48
64 76
64 97
69 18
69 60
69 72
88 53
88 54
88 62
43 53
5 13
5 70
6 51
6 62
13 38
42 32
70 23
51 39
7 52
25 61
52 10
23 28
76 14
76 21
80 39
80 67
15 16
38 73
18 58
16 39
16 49
16 97
41 48
17 72
72 21