0 14 23 19 25 26 27 1 2 3 28 29 32 16 34 36 4 10 37 39 5 17 20 41 6 15 12 43 45 7 9 46 47 48 8 18 49 50 51 52 53 24 55 56 11 58 59 60 62 63 13 22 64 69 71 74 77 79 80 81 84 86 87 21 88 91 92 96 99
0 25
0 26
0 27
14 69
23 96
19 84
25 91
25 39
27 52
1 28
1 29
2 32
3 34
3 36
28 34
29 32
16 74
34 48
36 45
36 64
4 37
4 39
10 55
10 56
37 74
39 63
5 41
17 77
20 86
20 87
41 58
6 43
6 45
15 71
12 62
12 63
43 84
7 46
7 47
7 48
9 52
9 53
46 92
47 71
8 49
8 50
8 51
18 79
18 80
18 81
50 81
51 96
24 99
56 80
11 58
11 59
11 60
59 86
62 77
13 64
22 91
22 92
69 79
71 81
80 88
81 99
87 91
21 88