0 1 3 10 12 13 11 5 6 8 9 19 14 15 20 44 45 22 23 24 29 30 31 34 35 38 50 43 41 46 47 48 51 56 49 57 72 52 54 64 61 71 70 63 65 66 67 86 73 77 76 75 82 87 78 79 83 84 85 89
0 1
0 3
1 12
3 10
3 11
10 5
10 13
13 14
11 20
5 6
6 8
6 9
9 19
19 44
19 45
14 15
20 22
45 43
22 23
23 24
29 30
30 31
30 34
30 35
31 38
35 50
50 49
50 72
43 46
41 46
46 47
47 48
47 51
47 56
48 57
51 52
56 71
49 57
52 54
54 64
64 63
64 65
61 63
71 70
70 73
65 66
66 67
67 86
86 87
73 77
77 78
76 75
76 87
75 82
82 83
78 79
83 84
84 85
85 89