0 43 45 71 28 36 88 1 44 68 5 20 33 92 2 67 72 73 10 32 65 77 18 70 7 81 4 16 23 56 60 24 14 42 6 55 62 90 97 91 8 82 30 46 9 51 69 21 37 38 75 87 19 13 39 64 74 15 66 63 17 47 26 29 48 83 98 76 27 94 57 25 35 84 78 95
0 28
0 88
43 6
43 7
45 20
45 36
45 51
71 29
28 21
28 87
36 65
88 91
1 5
44 76
68 30
68 39
68 46
68 72
5 14
20 4
20 70
33 14
33 16
33 17
33 42
92 14
92 56
2 72
2 73
2 10
67 25
67 38
67 69
73 57
10 75
32 55
65 76
65 77
18 87
7 91
81 83
81 90
4 23
16 15
16 23
16 55
23 94
60 14
24 27
24 62
62 97
90 74
97 74
8 46
82 15
30 74
9 51
69 47
21 37
21 76
87 64
19 29
19 83
13 64
64 26
15 63
66 25
17 47
26 83
48 83
98 94
76 78
27 35
94 95
84 78