0 68 35 73 79 83 84 88 89 91 92 98 15 2 70 3 11 8 4 34 46 5 21 43 6 17 59 7 18 29 23 55 9 64 19 72 13 39 14 58 16 63 47 66 20 22 31 44 38 28 56 30 54 36 41 37 40 42 65 51 61
0 68
0 35
0 73
0 79
0 83
0 84
0 88
0 89
0 91
0 92
0 98
68 13
68 42
68 61
68 63
35 54
84 18
15 16
15 63
2 70
70 18
70 30
3 11
3 8
8 23
8 55
4 34
4 46
46 30
5 21
5 43
43 28
43 36
6 17
6 59
17 47
59 29
59 58
7 18
7 29
23 44
55 54
9 64
64 20
19 66
19 39
72 58
13 39
14 58
47 20
47 65
66 56
22 31
31 38
38 36
38 37
28 56
36 41
40 42
51 61