0 1 2 3 4 5 6 7 8 9 10 20 30 40 50 60 70 80 90 91 92 95 96 97 98 99 19 29 39 49 59 69 79 89 11 12 13 14 15 16 17 18 21 31 41 51 61 71 81 82 83 84 86 87 88 28 38 48 58 68 78 22 23 24 25 26 27 32 42 52 62 74 75 76 77 37 47 57 67 33 34 35 36 43 53 64 65 66 46 56 55
0 1
0 10
1 2
2 3
3 4
4 5
5 6
6 7
7 8
8 9
9 19
10 20
20 30
30 40
40 50
50 60
60 70
70 80
80 90
90 91
91 92
95 96
96 97
97 98
98 99
99 89
19 29
29 39
39 49
49 59
59 69
59 58
69 79
79 89
11 12
11 21
12 13
13 14
14 15
15 16
15 24
16 17
17 18
18 28
21 31
31 41
41 51
51 61
61 71
71 81
81 82
82 83
83 84
86 87
87 88
88 78
28 38
38 48
48 58
58 68
68 78
22 23
22 32
23 24
24 25
25 26
26 27
27 37
32 42
42 52
52 62
52 53
74 75
75 76
76 77
77 67
37 47
47 57
57 67
33 34
33 43
34 35
35 36
36 46
43 53
64 65
64 55
65 66
66 56
46 56