0 10 21 25 26 27 1 23 16 28 30 2 6 20 31 3 22 11 34 35 4 13 39 5 40 42 44 7 8 46 48 15 51 18 52 55 57 58 12 62 19 66 14 67 68 69 70 72 74 17 76 78 79 80 81 24 83 84 87 88 89 91 94 97 98
0 25
0 26
0 27
10 55
10 57
21 88
21 89
26 44
27 34
1 28
1 30
23 94
16 74
28 31
30 94
2 31
6 44
20 87
3 34
3 35
22 91
11 58
35 40
4 39
13 66
39 72
5 40
5 42
42 98
7 46
7 48
8 51
46 76
48 89
15 70
15 72
51 98
18 79
18 80
18 81
52 91
52 76
55 89
57 83
58 83
12 62
62 89
19 83
19 84
66 81
14 67
14 68
14 69
68 87
70 87
74 78
74 79
17 76
17 78
80 94
24 97
24 98
83 87
84 97