0 1 2 4 5 6 8 9 11 13 15 18 19 22 23 25 27 28 29 31 32 33 34 35 36 37 39 41 42 43 44 45 46 48 50 51 52 53 54 55 56 57 58 59 61 62 64 67 69 70 71 73 76 78 80 82 83 87 88 92 94 95 99
0 1
0 73
1 2
2 42
4 5
4 87
4 80
5 6
5 95
8 9
8 39
8 71
11 41
13 51
13 64
15 56
18 19
18 48
18 33
19 94
22 25
23 70
25 67
27 28
27 50
27 61
27 99
28 29
29 32
29 67
31 35
33 42
34 35
34 45
35 36
35 52
36 37
41 42
43 44
43 69
44 45
45 57
46 80
46 82
48 50
48 88
48 55
48 76
51 52
51 70
53 54
53 83
54 99
56 80
57 58
57 76
59 94
61 62
69 95
71 80
78 92
78 83