8 4 10 13 5 16 9 23 12 24 27 21 29 30 32 6 33 34 36 2 37 3 39 15 19 40 1 41 20 42 26 43 44 0 45 46 47 48 49 51 52 53 55 58 59 60 61 62 64 66 67 28 38 68 11 69 70 71 73 74 14 78 79 35 80 81 82 83 87 89 90 91 92 93 94 97 99
8 4
8 10
8 67
4 45
10 51
10 89
13 92
5 83
16 9
16 90
9 27
23 12
23 33
12 43
12 69
24 48
27 21
21 30
21 94
29 58
29 69
30 37
32 6
6 64
34 97
36 2
36 83
2 61
2 68
37 3
3 53
3 92
39 15
39 19
39 93
15 49
15 90
19 59
40 1
40 80
40 91
41 20
20 60
42 26
42 55
26 48
26 62
44 0
44 68
0 53
45 82
46 78
47 94
51 87
52 70
58 92
60 80
62 64
64 79
66 74
67 28
67 38
28 70
38 73
68 11
11 87
69 71
73 91
74 14
14 80
78 90
79 35
79 81
81 89
87 97
93 99