14 15 91 33 34 86 16 76 57 29 31 56 20 13 92 59 45 79 40 32 28 61 96 23 30 82 90 44 52 43 67 80 7 2 71 68 26 42 72 46 77 8 60 49 75 84 63 35 95 69 11 27 73 5 39 74 22 48 21 78 58 88 17 12 41 85 4 93
14 15
15 91
91 75
33 68
33 93
34 86
34 45
16 76
16 23
76 84
57 92
29 77
31 60
56 39
20 92
20 73
13 58
92 59
92 4
92 12
59 45
45 79
40 32
40 22
32 30
28 61
28 43
96 85
23 30
30 74
82 90
90 44
90 7
52 43
43 67
43 74
67 41
80 69
80 48
80 93
7 73
2 71
2 17
68 26
68 95
26 42
26 4
42 72
46 77
46 4
46 5
46 84
8 60
60 27
49 75
49 78
75 84
63 35
35 95
11 27
11 88
39 74
21 93
58 41
88 12
17 12
85 4