2 3 4 7 8 9 10 11 12 13 14 15 16 17 18 19 20 21 22 23 24 25 26 27 28 29 30 31 33 36 42 45 48 51 52 54 56 59 60 63 64 65 66 67 68 69 70 71 72 73 74 75 76 77 78 79 80 81 82 83 84 85 86 87 88 89 90 91 92 93 0
2 4
3 7
4 8
7 15
8 16
8 17
9 18
9 19
10 20
10 21
11 22
11 23
12 24
12 25
13 26
13 27
14 28
14 29
15 31
16 33
18 36
21 42
22 45
24 48
25 51
26 52
27 54
28 56
29 59
30 60
31 63
33 64
36 66
42 69
45 70
48 72
51 73
52 74
54 75
56 76
59 77
60 78
63 79
64 80
65 80
66 81
67 81
68 82
69 82
70 83
71 83
73 84
74 85
76 86
78 87
79 87
80 88
81 88
82 89
83 89
84 90
85 90
86 91
87 91
88 92
89 92
90 93
91 93
92 0
93 0