0 5 24 26 1 16 29 2 9 33 3 34 35 36 4 11 39 40 41 6 14 43 7 21 46 47 48 8 13 51 54 10 19 56 58 17 61 63 20 18 64 65 67 68 69 15 23 71 73 74 75 76 77 79 80 81 82 83 84 87 88 93 95 97
0 26
5 40
5 41
24 97
26 77
1 29
16 73
16 74
16 75
29 79
2 33
9 54
33 35
3 34
3 35
3 36
34 95
35 97
36 75
4 39
11 58
39 75
40 93
41 80
6 43
14 67
14 68
14 69
43 81
7 46
7 47
7 48
21 88
46 71
48 76
8 51
13 64
13 65
51 82
54 84
10 56
19 83
19 84
56 75
58 87
58 65
17 76
17 77
61 67
63 64
20 87
18 79
18 80
18 81
65 80
68 73
69 82
69 71
15 71
23 95
73 83
76 80
88 93