0 6 69 1 8 58 40 4 13 17 36 57 5 49 55 79 38 43 7 23 42 9 46 10 80 85 95 24 22 83 89 14 52 63 65 66 76 16 27 77 18 25 62 19 78 20 96 98 21 90 93 35 45 39 75 54 48 28 29 31 32 33 87 99 74 73 47 44 71 56 50 64
0 6
0 69
6 38
69 80
1 8
8 42
58 40
58 87
40 18
4 17
4 57
13 83
13 89
17 77
36 31
36 48
57 55
57 75
57 76
57 89
5 49
5 79
49 45
49 56
38 27
43 48
43 52
7 23
23 24
42 99
9 46
46 22
10 80
10 85
10 95
80 39
85 18
85 66
95 73
95 98
24 14
24 21
24 75
22 63
83 52
14 63
14 66
52 44
52 71
65 47
65 64
66 78
66 96
16 27
77 64
18 25
18 62
62 29
19 78
20 96
21 93
90 71
35 74
45 44
54 47
28 29
31 32
32 33
32 99
33 74
56 50