0 1 2 4 32 3 5 9 17 33 65 6 10 18 34 66 35 67 12 20 36 68 21 69 14 22 38 15 23 39 71 24 40 72 25 26 74 27 43 75 44 76 29 45 77 30 46 78 31 79 48 80 81 82 51 83 52 53 85 54 86 55 87 56 57 89 58 90 59 60 92 93 62 63 95 96 97 98 99
0 1
1 9
1 65
2 3
2 6
2 66
4 5
4 20
32 33
32 36
32 40
17 21
17 25
33 97
65 67
65 81
65 97
6 22
10 74
18 82
34 35
34 38
66 82
66 98
35 43
67 75
12 14
20 21
36 44
36 52
68 69
68 76
21 23
21 53
69 71
69 85
14 15
14 30
14 46
14 78
22 30
22 54
38 54
23 31
23 55
23 87
39 55
71 79
24 25
72 74
25 89
26 27
26 30
26 90
74 90
27 31
44 45
76 92
29 31
77 79
77 93
31 95
48 52
80 81
51 55
51 59
83 87
52 53
52 60
54 62
86 87
56 57
56 58
57 59
89 93
62 63
96 98
97 99