3 4 7 11 12 9 15 16 13 17 19 20 23 24 26 27 30 28 31 34 35 32 33 39 36 40 42 43 45 46 47 48 50 51 53 54 57 55 61 62 59 60 66 63 67 69 70 72 73 74 75 76 78 79 77 82 86 87 84 85 91 88 92 94 95 96
3 7
4 7
7 11
7 12
11 15
11 16
12 13
12 17
9 15
16 20
19 23
20 23
23 26
24 27
26 30
27 28
30 31
30 34
30 35
28 31
34 33
34 39
35 36
35 40
32 33
39 42
40 45
42 46
43 46
45 47
46 48
48 50
50 53
51 54
53 57
54 55
54 57
57 61
57 62
61 60
61 66
62 63
59 60
66 69
67 72
69 70
69 73
72 74
73 75
74 76
75 78
76 79
78 77
78 82
79 82
82 86
82 87
86 85
86 91
87 88
87 92
84 85
91 94
91 95
92 96