0 1 2 7 8 9 10 25 12 11 13 14 18 19 20 21 22 23 24 27 29 32 33 34 35 49 36 38 39 40 42 44 46 47 70 50 54 55 57 58 60 75 62 61 64 68 71 72 73 74 79 78 82 83 84 85 86 87 88 92 94 95 96 97 98
0 1
0 2
1 98
2 18
2 68
7 8
7 39
8 11
9 10
10 25
10 12
25 20
25 27
12 11
12 13
13 14
14 23
14 24
18 21
19 20
19 44
20 21
22 23
24 38
27 70
29 32
32 35
33 34
33 35
34 49
34 36
34 42
38 47
39 40
40 42
46 47
70 71
50 54
50 55
55 57
57 58
58 61
60 75
60 62
75 78
75 79
62 61
64 73
64 74
71 79
72 73
74 88
79 82
82 85
83 84
83 85
84 86
84 92
86 87
88 97
92 95
94 95
96 97
96 98