7 4 25 27 1 28 2 17 23 22 31 32 33 3 13 34 36 5 39 12 42 6 15 8 43 46 47 48 24 49 50 9 52 53 54 10 21 56 11 20 59 61 62 64 65 66 14 18 67 69 72 16 74 75 19 78 81 82 87 88 89 93 94 96 97
7 46
7 47
7 48
4 39
25 75
27 62
27 39
1 28
28 36
2 31
2 32
2 33
17 78
23 94
23 96
22 93
31 97
32 87
33 47
3 34
3 36
13 64
13 65
13 66
34 82
5 42
39 96
12 61
12 62
42 49
42 65
6 43
15 72
8 49
8 50
43 97
46 69
46 88
46 53
48 59
24 97
50 93
9 52
9 53
9 54
53 66
54 82
10 56
21 88
21 89
56 75
11 59
20 87
61 89
64 81
14 67
14 69
18 81
72 89
16 74
16 75
74 94
19 82
78 93