37 50 73 81 1 41 80 89 95 19 29 43 57 12 28 83 87 4 22 47 62 77 5 27 67 21 26 48 88 92 36 52 40 94 34 42 10 64 68 71 72 56 13 33 14 15 51 16 44 69 86 76 54 45 96 58 97 30 85 79 84
37 15
37 45
50 21
73 1
81 15
81 68
1 89
41 79
80 29
80 43
89 64
89 79
95 68
19 27
29 58
29 67
29 97
43 14
57 58
12 56
28 62
83 62
83 72
87 10
87 96
4 22
4 47
22 34
47 64
77 34
77 45
77 92
5 27
5 67
21 33
21 56
26 52
48 54
88 36
88 51
88 52
88 84
92 71
40 13
40 34
94 30
42 71
10 64
68 14
72 86
13 33
51 45
16 44
44 58
44 85
69 54
69 84
86 97
76 58
96 30