0 3 27 1 4 28 30 2 11 32 33 18 35 36 7 12 9 37 5 8 41 6 44 45 48 22 49 50 51 10 52 54 55 56 57 59 61 62 13 65 14 20 16 69 15 71 24 73 75 17 19 76 77 78 80 84 21 85 88 89 90 23 92 95 96 99
0 27
3 35
3 36
27 96
1 28
1 30
4 37
30 55
2 32
2 33
11 59
32 37
33 75
18 80
35 84
35 88
36 62
7 48
12 61
12 62
9 52
9 54
5 41
8 49
8 50
8 51
41 95
6 44
6 45
44 71
45 65
45 77
48 56
48 80
22 92
50 54
10 55
10 56
10 57
52 77
57 76
59 90
61 99
13 65
14 69
20 85
16 73
16 75
69 77
15 71
24 99
73 88
17 76
17 77
17 78
19 84
78 85
80 99
84 95
21 88
21 89
21 90
88 92
23 95
23 96