4 3 1 2 17 14 18 11 20 6 13 5 7 53 76 21 22 23 24 25 26 28 29 30 31 32 33 34 35 36 37 38 39 40 41 42 43 44 45 46 50 55 56 57 58 59 51 61 63 78 79 69 85 84 88 82 94 83 99 97 90 93 87 98 81
4 2
4 6
4 13
3 11
3 14
3 20
1 2
2 18
17 13
17 53
17 76
11 5
20 26
20 29
6 7
5 7
53 55
53 58
76 78
21 26
22 25
23 28
23 29
24 28
25 26
29 30
30 31
31 32
32 33
33 34
34 35
35 36
36 37
37 38
38 39
39 40
40 42
41 44
41 46
42 43
42 44
44 45
50 56
50 58
55 51
56 57
56 59
51 61
61 63
78 79
79 69
69 85
85 99
84 82
88 94
88 83
82 90
82 83
94 81
99 97
97 93
93 87
93 98
87 81