2 1 4 5 6 7 8 9 10 12 13 14 15 17 18 19 16 20 22 23 21 26 29 28 25 32 31 33 35 37 36 39 42 43 44 40 41 45 49 46 47 48 50 52 53 56 59 55 58 57 61 60 63 64 65 66 69 72 70 76 75 81 83 80 82 87 88 85 89 86 91 93 94 92 97 99 98
2 1
2 4
2 93
4 48
5 8
5 9
5 55
6 7
7 8
9 89
10 12
10 13
10 14
13 65
15 16
17 16
18 19
18 16
19 48
20 22
20 23
20 87
22 21
21 82
26 29
26 75
29 25
28 25
28 89
32 31
32 33
31 98
33 49
33 81
35 37
35 36
35 39
37 43
39 50
42 41
42 75
43 44
44 40
40 41
45 49
45 46
45 48
47 48
47 70
50 52
52 53
56 59
56 57
59 58
55 58
57 64
61 60
60 63
63 64
65 66
66 69
66 91
72 70
76 75
81 80
83 80
83 82
87 88
88 85
85 89
85 86
91 94
93 92
94 92
97 99
99 98