0 23 61 62 63 64 65 66 67 68 69 70 71 72 73 74 75 76 77 78 79 80 81 82 83 84 85 86 87 88 89 90 91 92 93 94 95 96 97 98 99 1 14 54 2 44 13 3 41 8 40 4 42 9 5 33 11 6 28 7 12 53 32 10 22 59 39 15 31 19 16 17 18 56 52 20 34 45 43 21 55 50 24 48 26 25 51 29 57 37 46 58
0 23
0 82
0 68
0 86
0 66
0 80
0 84
0 74
0 94
0 71
0 93
0 63
0 95
0 70
0 72
0 92
0 96
0 73
0 67
0 88
0 97
0 83
23 54
61 1
62 3
64 6
65 8
68 12
69 14
75 20
76 21
77 25
78 26
79 28
81 31
85 37
87 41
89 43
90 44
91 45
98 57
99 59
1 54
1 14
54 56
54 57
54 19
2 44
2 13
13 15
3 41
3 8
3 40
41 6
40 32
4 9
4 42
9 53
9 32
5 11
5 33
11 59
6 28
7 53
12 39
53 17
10 22
22 20
22 48
59 29
59 25
15 31
15 19
31 16
31 24
19 52
19 17
18 56
52 58
20 45
20 34
20 43
34 37
43 21
21 50
21 24
21 55
50 25
24 26
25 51
46 58