0 1 5 4 6 9 3 21 2 94 90 44 92 93 86 7 8 12 88 10 11 13 14 55 15 17 18 19 20 35 42 22 52 23 66 24 71 25 87 26 91 27 28 29 31 32 36 83 38 48 79 53 54 62 57 84 63 64 74 85 81 89
0 90
1 62
1 5
1 4
1 29
5 9
4 2
6 74
6 93
9 28
9 54
3 21
3 2
21 42
2 12
2 94
94 92
94 23
90 38
44 13
92 15
93 86
86 19
7 38
7 66
7 8
8 12
12 11
88 64
10 31
10 11
11 52
13 91
14 55
55 62
15 85
17 18
18 19
19 20
20 35
35 36
22 27
22 52
22 48
23 32
24 25
24 71
24 26
71 74
25 87
26 91
91 29
31 57
32 81
32 63
36 64
36 83
83 84
79 64
53 54
63 89