54 41 90 27 35 69 48 64 96 55 11 52 14 97 85 34 10 57 50 75 78 28 15 83 91 2 68 36 95 45 17 23 86 60 25 29 20 76 65 59 1 9 93 24 56 61 74 43 31 62 44 71 37 67 0 66 79 99 33 92 49 72 38 98 82 84 63
54 69
54 64
54 90
54 50
41 27
90 35
90 27
90 11
90 52
90 14
90 1
27 96
69 49
69 23
69 97
48 43
48 9
64 78
64 25
96 17
96 60
96 91
55 52
55 36
55 24
52 92
14 10
85 31
85 66
34 10
57 17
50 67
75 33
75 62
75 59
75 68
75 37
78 0
28 29
15 24
15 20
83 17
83 95
91 56
2 65
68 82
36 72
36 45
23 76
86 74
86 38
29 59
65 61
65 93
65 82
59 71
24 31
61 74
74 0
43 44
44 0
44 79
79 84
99 84
33 98
38 63