0 6 60 69 86 1 8 58 40 3 4 13 17 36 41 57 5 49 55 79 38 43 7 23 42 10 80 81 85 95 24 12 22 83 89 14 52 63 65 66 76 27 77 18 25 37 62 19 68 78 20 96 98 21 90 93 35 45 39 75 97 26 54 48 30 31 32 33 87 88 99 74 92 34 59 73 47 44 51 82 71 56 50 53 72 84 91 64
0 6
0 86
0 69
6 38
60 58
69 80
69 88
1 8
8 42
58 40
58 72
58 87
40 18
3 13
4 57
4 17
13 12
13 83
13 89
17 77
36 31
36 48
41 7
41 39
57 55
57 75
57 76
57 89
57 97
5 49
5 79
49 45
49 56
55 30
55 82
79 53
79 72
38 27
43 48
43 52
43 82
7 23
42 99
42 81
42 26
10 80
10 85
10 95
80 39
85 18
85 66
95 73
95 98
95 91
24 12
24 14
24 21
22 37
22 63
14 63
14 66
52 44
52 71
65 47
65 64
66 78
66 96
77 64
18 25
18 62
19 78
68 48
20 96
96 50
98 51
21 93
90 71
93 84
35 74
75 74
54 59
54 47
31 32
32 33
32 99
33 92
34 59