0 34 38 36 96 97 1 30 2 67 3 43 4 37 48 5 39 6 7 8 20 9 66 14 10 11 41 55 12 23 28 13 15 59 16 60 17 22 18 29 46 21 35 57 26 24 25 54 44 31 33 53 42 51 40 64 65 49 52 58
0 34
0 38
0 36
0 96
0 97
34 53
38 7
38 25
38 64
38 65
36 6
36 18
36 31
36 42
36 51
96 40
97 41
1 30
30 2
30 44
2 67
67 33
3 43
43 21
43 51
4 37
4 48
37 28
37 40
48 8
5 39
39 14
39 55
8 20
20 29
20 46
9 66
9 14
66 59
14 13
10 11
11 41
11 55
12 23
12 28
23 26
28 54
15 59
59 57
16 60
60 51
17 22
22 57
21 35
35 33
57 52
24 25
64 58
49 52