54 90 27 35 69 48 96 55 11 14 97 85 10 50 75 28 15 83 91 2 68 36 95 40 17 23 86 60 80 76 65 59 1 9 24 13 61 74 31 44 37 0 66 79 42 4 33 3 5 49 87 26 58 38 39 32 82 84 18 6 16 30 46 77 22 81 89 47 19 12
54 69
54 90
54 50
90 27
90 14
90 11
90 40
90 36
90 35
90 1
90 61
27 96
35 9
69 97
69 23
69 49
48 9
48 18
48 6
48 89
96 91
96 60
55 36
55 24
11 83
14 10
97 81
85 58
85 31
10 26
75 68
75 59
75 37
75 3
75 33
28 68
15 24
83 17
83 95
91 66
2 65
68 82
17 80
23 42
23 76
23 19
86 74
86 38
80 13
65 61
65 82
24 31
61 74
61 87
74 0
44 0
44 4
44 79
66 5
66 30
79 84
42 16
42 77
4 46
87 39
26 32
58 47
84 22
46 12