0 7 4 25 26 1 29 2 17 31 32 33 3 13 34 36 5 39 12 40 41 42 6 8 43 46 47 48 24 49 9 52 53 54 10 21 56 11 20 58 59 60 61 64 66 14 18 69 70 16 73 74 75 76 79 81 82 87 88 89 90 97 98 99
0 26
0 25
7 48
7 46
7 47
4 39
25 75
26 48
1 29
29 36
2 31
2 32
2 33
17 76
32 99
32 87
33 47
3 36
3 34
13 66
13 64
34 82
5 41
5 42
5 40
39 98
12 61
40 47
42 49
6 43
8 49
43 97
46 88
46 69
48 59
48 70
24 98
24 97
24 99
9 52
9 54
9 53
53 73
53 66
54 82
10 56
21 90
21 89
21 88
56 75
56 76
11 59
11 60
11 58
20 87
61 89
64 81
14 69
18 81
18 79
16 74
16 75
16 73