0 21 25 1 6 28 30 2 15 14 32 3 10 34 35 36 4 13 39 5 8 41 17 43 44 45 7 11 47 49 50 51 54 12 55 57 58 59 60 63 22 64 66 24 67 68 69 18 70 71 72 16 73 77 79 80 81 82 83 88 89 90 93 94 99
0 25
21 88
21 89
21 90
25 89
1 28
1 30
6 43
6 44
6 45
28 39
30 94
2 32
15 70
15 71
15 72
14 67
14 68
14 69
32 60
32 55
3 34
3 35
3 36
10 55
10 57
34 41
35 89
35 81
36 39
4 39
13 64
13 66
5 41
8 49
8 50
8 51
17 77
44 82
44 81
7 47
11 58
11 59
11 60
47 99
49 67
50 80
54 73
12 63
57 73
63 81
22 93
64 79
24 99
68 71
18 79
18 80
18 81
16 73
73 77
73 82
83 88
83 99
90 93