0 1 2 4 6 8 9 10 11 13 14 15 16 17 18 19 20 21 22 23 24 25 26 27 28 29 31 33 34 35 36 37 38 39 40 41 42 43 45 46 47 48 49 50 51 52 53 55 56 57 58 59 60 61 62 63 64 65 67 68 69 70 71 72 73 75 76 77 78 80 81 82 83 84 85 87 88 89 90 91 92 93 95 96 97 98 99
0 1
0 8
1 2
1 31
4 88
6 64
8 9
9 10
10 11
10 92
13 14
14 15
15 16
16 17
17 18
18 23
19 20
20 21
21 22
22 23
23 24
24 25
25 26
26 27
26 71
27 28
28 29
33 34
33 72
34 35
35 36
36 37
37 38
38 39
39 40
40 41
41 42
41 82
42 43
42 51
45 46
45 90
46 47
47 48
48 49
50 51
50 90
51 52
52 53
55 56
56 57
57 58
58 59
59 60
60 61
61 62
61 72
62 63
63 64
64 65
67 68
67 77
68 69
69 70
70 71
71 72
72 73
72 99
75 76
76 77
77 78
80 81
81 82
82 83
83 84
84 85
87 88
88 89
89 90
90 91
91 92
92 93
95 96
96 97
97 98
98 99