0 57 74 75 76 77 78 79 80 81 82 83 84 85 86 87 88 89 90 91 92 93 94 95 96 97 98 99 1 52 41 62 2 58 24 3 25 4 61 45 46 5 72 6 71 7 23 8 66 9 15 10 27 42 11 43 12 19 13 32 34 70 14 16 37 17 40 18 31 20 21 22 56 29 69 30 44 67 54 53
0 57
0 97
0 89
0 75
0 85
0 74
0 87
0 94
0 82
0 81
0 88
0 76
0 95
0 92
0 79
0 98
0 77
57 31
75 2
78 6
80 8
83 11
84 13
86 15
90 19
91 20
93 22
96 25
99 31
1 62
1 52
1 41
52 21
41 16
62 29
62 8
2 24
2 58
24 10
3 4
3 25
25 40
4 61
4 46
4 45
61 44
45 54
46 9
5 72
72 12
72 7
6 71
71 70
71 15
7 23
23 56
8 66
66 42
9 15
10 27
11 43
43 40
12 19
19 14
13 34
13 70
13 32
34 67
70 69
16 37
37 22
37 30
17 40
40 31
40 20
18 31
56 69
29 69
67 53