0 23 25 27 1 20 28 2 11 9 32 33 3 7 36 4 8 37 5 17 42 6 43 44 46 47 48 12 24 49 50 51 52 54 58 59 60 61 63 13 14 64 66 15 22 67 68 69 70 75 76 77 78 18 80 19 83 85 86 90 92 94 95 96 98
0 25
0 27
23 94
23 95
23 96
25 78
27 80
1 28
20 85
20 86
28 36
2 32
2 33
11 58
11 59
11 60
9 52
9 54
32 42
32 61
33 69
3 36
7 46
7 47
7 48
36 77
4 37
8 49
8 50
8 51
37 86
5 42
17 76
17 77
17 78
6 43
6 44
43 90
44 78
47 51
48 98
12 63
24 98
51 77
54 64
58 66
58 70
58 77
59 83
60 92
61 75
63 95
13 64
13 66
14 67
14 68
14 69
64 85
15 70
22 92
68 96
70 95
18 80
19 83