0 23 27 1 8 19 16 28 29 2 31 3 5 34 35 4 20 39 12 18 40 6 14 43 44 45 7 24 46 47 48 49 51 9 21 52 53 54 10 15 55 11 17 58 61 62 66 68 69 22 71 72 75 77 80 81 84 86 90 92 94 95 97 98 99
0 27
23 94
23 95
27 68
1 28
1 29
8 49
8 51
19 84
16 75
28 71
2 31
31 75
31 98
3 34
3 35
5 40
34 90
35 44
35 99
4 39
20 86
39 61
39 48
12 61
12 62
18 80
18 81
40 69
6 43
6 44
6 45
14 68
14 69
43 55
43 69
7 46
7 47
7 48
24 97
24 98
24 99
46 86
49 66
51 92
9 52
9 53
9 54
21 90
54 97
10 55
15 71
15 72
11 58
17 77
58 98
61 81
62 97
69 84
22 92
72 80
75 92
77 94
86 95