0 10 24 27 1 16 12 29 2 6 18 31 3 13 34 36 4 38 5 9 40 17 43 44 45 7 47 8 51 52 53 54 55 56 57 11 59 61 62 63 64 65 66 14 69 22 71 73 74 75 76 77 79 80 81 19 82 83 84 85 91 92 93 96 98 99
0 27
10 55
10 56
10 57
24 98
24 99
27 57
27 54
1 29
16 73
16 74
16 75
12 61
12 62
12 63
29 52
2 31
6 43
6 44
6 45
18 79
18 80
18 81
31 96
3 34
3 36
13 64
13 65
13 66
34 82
36 54
4 38
38 82
5 40
9 52
9 53
9 54
40 92
40 98
17 76
17 77
45 55
7 47
47 79
8 51
51 66
51 98
53 91
55 69
11 59
59 65
61 74
14 69
22 91
22 92
22 93
71 77
75 83
76 80
79 84
19 82
19 83
19 84
85 93
91 96