0 14 23 19 27 1 2 3 28 29 31 32 33 16 34 35 36 4 10 37 39 5 17 20 41 42 6 15 43 44 45 7 9 47 48 8 49 50 52 53 24 55 56 57 11 58 61 62 63 13 22 64 68 69 70 71 72 73 74 75 76 77 80 81 82 83 84 86 87 21 88 89 91 93 94 95 97 99
0 27
14 68
14 69
23 94
23 95
19 82
19 83
19 84
27 52
1 28
1 29
2 31
2 32
2 33
3 34
3 35
3 36
28 34
29 32
16 73
16 74
16 75
34 48
36 45
36 64
4 37
4 39
10 55
10 56
10 57
37 74
39 63
39 95
5 41
5 42
17 76
17 77
20 86
20 87
41 58
42 53
42 69
6 43
6 44
6 45
15 70
15 71
15 72
43 93
44 73
7 47
7 48
9 52
9 53
47 71
8 49
8 50
49 89
49 61
50 73
24 97
24 99
56 80
57 62
11 58
62 77
13 64
22 91
22 93
68 86
71 81
75 82
80 88
81 99
87 91
21 88
21 89