0 2 7 91 94 5 4 6 9 93 8 10 14 12 11 13 16 21 19 18 20 23 22 24 28 26 25 27 30 35 33 32 34 37 36 38 42 40 39 41 44 49 47 46 48 51 50 52 56 54 53 55 58 63 61 60 62 65 64 66 70 68 67 69 72 77 75 74 76 79 78 80 84 82 81 83 86 89 88 90 92 96 95 97
0 2
0 7
0 91
2 4
7 8
7 10
7 14
91 84
91 92
91 94
5 4
5 6
9 8
9 11
93 92
93 95
14 16
14 21
12 11
12 13
16 18
21 22
21 24
21 28
19 18
19 20
23 22
23 25
28 30
28 35
26 25
26 27
30 32
35 36
35 38
35 42
33 32
33 34
37 36
37 39
42 44
42 49
40 39
40 41
44 46
49 50
49 52
49 56
47 46
47 48
51 50
51 53
56 58
56 63
54 53
54 55
58 60
63 64
63 66
63 70
61 60
61 62
65 64
65 67
70 72
70 77
68 67
68 69
72 74
77 78
77 80
75 74
75 76
79 78
79 81
84 86
82 81
82 83
86 88
89 88
89 90
96 95
96 97