0 85 1 67 3 33 10 34 87 53 52 72 56 69 35 28 4 32 63 95 82 43 66 78 70 19 8 20 31 14 39 5 37 62 55 7 11 9 64 97 36 83 58 44 51 81 79 49 74 45 84 92 75 96 21 12 77 80 38 16 71 60 59 57 25 30 54 42 88 50
0 85
85 55
1 3
67 8
67 53
67 66
3 28
3 95
3 78
3 70
3 20
3 39
33 9
33 10
33 56
33 37
10 49
10 74
10 34
10 84
34 19
87 11
87 69
53 14
53 32
53 79
53 72
53 78
53 71
52 20
52 54
72 44
56 92
69 25
69 43
69 50
35 37
4 19
32 5
32 11
32 64
32 37
32 42
32 60
63 55
82 9
82 30
82 31
82 45
82 75
19 21
14 55
37 59
37 88
62 12
62 54
55 36
55 77
7 11
11 16
11 83
9 97
9 58
9 51
9 81
96 38
96 57
96 60
96 80