0 68 35 75 78 90 1 15 2 70 3 11 8 4 34 46 5 43 6 67 59 7 18 29 32 23 9 64 10 19 24 53 12 72 13 39 14 58 16 63 47 66 71 20 22 31 25 26 38 27 28 56 30 33 54 36 41 37 52 40 42 62 65 51 61 57
0 68
0 35
0 75
0 78
0 90
68 13
68 42
68 61
68 63
35 54
75 6
78 9
90 28
1 15
15 16
15 63
2 70
70 18
70 25
70 30
3 11
3 8
11 24
11 53
8 32
8 23
8 67
4 34
4 46
34 33
46 30
5 43
43 28
43 36
6 67
6 59
59 27
59 29
59 57
59 58
7 18
7 29
9 64
64 20
10 19
19 66
19 71
12 72
72 58
13 39
39 52
14 58
47 20
47 65
66 56
22 31
31 38
26 38
38 36
38 37
28 56
36 41
41 62
40 42
51 61