0 19 24 26 1 8 28 30 2 11 7 31 3 35 36 4 9 10 13 38 39 5 40 42 6 43 44 45 47 48 21 49 12 52 14 15 55 57 59 60 61 62 16 66 68 70 18 73 74 17 23 76 78 22 79 81 82 83 84 85 87 88 90 91 94 95 96 97
0 26
19 82
19 83
19 84
24 97
26 73
26 79
26 42
1 28
1 30
8 49
28 38
28 97
2 31
11 59
11 60
7 47
7 48
31 44
31 35
3 35
3 36
35 47
36 39
4 38
4 39
9 52
10 55
10 57
13 66
5 40
5 42
40 61
6 43
6 44
6 45
44 88
47 85
48 68
48 91
21 88
21 90
49 83
12 61
12 62
52 62
14 68
15 70
55 60
57 62
60 83
16 73
16 74
66 81
70 74
18 79
18 81
17 76
17 78
23 94
23 95
23 96
76 84
78 90
22 91
82 94
87 95