0 10 25 26 27 1 29 2 6 31 3 22 11 36 4 5 38 40 41 42 43 44 45 7 20 47 8 18 49 50 51 9 12 52 54 55 56 57 58 59 61 63 13 17 66 14 21 67 15 71 74 76 77 24 80 81 85 86 87 88 89 90 92 93 96 97 98
0 25
0 26
0 27
10 55
10 56
10 57
25 87
26 45
27 42
1 29
29 44
2 31
6 43
6 44
6 45
31 49
31 40
3 36
22 92
22 93
11 58
11 59
36 81
4 38
5 40
5 41
5 42
38 50
40 90
41 61
42 97
44 47
7 47
20 85
20 86
20 87
8 49
8 50
8 51
18 80
18 81
51 71
9 52
9 54
12 61
12 63
52 96
54 92
54 80
57 88
58 97
59 66
61 93
13 66
17 76
17 77
14 67
21 88
21 89
67 93
15 71
74 98
77 97
24 97
24 98
89 90