91 79 5 2 8 3 14 99 32 88 61 89 10 63 17 55 59 29 95 40 92 57 65 33 21 31 49 9 71 70 98 67 4 28 69 54 42 90 96 43 93 45 13 47 25 53 81 30 34 76 7 26 1 11 23 19 12 84 78 74 0 22 16 6
91 79
91 96
91 9
91 92
79 0
5 88
5 71
5 84
2 30
2 19
8 99
8 93
3 43
3 54
14 96
14 69
99 7
99 17
99 88
32 53
32 95
88 61
88 81
61 23
61 59
89 31
89 11
89 33
10 76
10 70
63 17
17 1
55 43
29 28
29 57
29 90
29 22
95 49
95 16
95 12
40 84
40 78
40 16
92 19
92 70
57 34
57 6
65 26
65 34
65 30
33 45
21 12
31 98
71 70
71 47
98 67
4 26
69 54
42 45
45 76
13 47
25 74
25 1