0 15 20 25 26 1 4 29 2 24 31 3 10 35 36 37 38 39 5 40 6 7 43 44 45 14 19 46 47 48 8 23 49 50 9 52 55 56 57 11 58 60 63 13 16 64 67 21 71 72 73 74 75 17 78 79 80 81 83 85 86 88 89 90 93 95 96 97 98 99
0 25
0 26
15 71
15 72
20 85
20 86
25 78
25 97
26 72
1 29
4 37
4 38
4 39
29 71
2 31
24 97
24 98
24 99
31 44
3 35
3 36
10 55
10 56
10 57
35 85
36 60
38 50
5 40
40 46
6 43
6 44
6 45
7 46
7 47
7 48
43 46
43 86
45 97
14 67
19 83
46 75
47 73
8 49
8 50
23 95
23 96
49 74
9 52
52 58
52 63
56 93
56 81
11 58
11 60
13 64
16 74
16 75
64 88
67 86
21 88
21 89
21 90
73 96
17 78
79 80
80 89
81 98
83 86
90 93