0 10 21 25 26 27 1 23 29 2 6 33 3 11 34 35 4 13 38 39 5 9 40 43 44 45 7 8 46 47 48 15 49 51 18 52 53 54 55 56 57 58 59 12 61 19 64 65 66 14 67 68 70 72 73 17 76 79 80 83 84 85 89 90 91 95 96 98 99
0 25
0 26
0 27
10 55
10 56
10 57
21 89
21 90
25 73
26 44
27 34
1 29
23 95
23 96
29 73
2 33
6 44
6 45
33 96
3 34
3 35
11 58
11 59
34 43
35 40
35 68
4 38
4 39
13 64
13 65
13 66
38 45
39 72
5 40
9 52
9 53
9 54
7 46
7 47
7 48
8 49
8 51
46 76
47 85
48 79
15 70
15 72
51 98
18 79
18 80
52 91
52 76
54 84
54 98
55 89
57 83
58 83
59 61
12 61
19 83
19 84
65 91
14 67
14 68
67 90
67 99
17 76
83 95