0 50 20 39 8 9 10 29 45 67 4 21 87 63 2 32 92 27 76 3 68 85 73 25 62 53 31 5 51 94 89 7 17 95 46 47 99 19 44 11 97 66 15 13 70 72 58 78 14 84 28 37 80 49 42 82 65 81 34 90 64 54 75 52
0 50
0 20
0 8
39 62
8 3
8 92
9 29
9 85
9 31
10 19
45 11
45 84
45 95
67 31
4 31
21 80
87 5
87 95
63 31
2 92
2 27
32 14
32 80
32 44
92 17
92 19
92 51
76 11
3 68
3 73
85 64
25 81
25 53
25 58
62 65
53 90
31 58
51 47
94 19
89 13
89 54
7 17
17 80
95 34
46 19
47 15
99 54
99 75
19 49
97 37
66 37
66 64
66 75
13 70
72 34
78 28
14 84
14 28
84 52
49 64
42 52
82 75
65 34