2 4 1 3 23 24 7 17 16 10 6 18 22 8 13 30 32 29 34 44 38 39 41 46 36 27 33 48 49 28 47 69 93 70 92 89 71 72 74 75 98 60 53 86 97 61 54 63 67 57 65 58 83 84 81 0 37 9 15 52 14 5 12
2 3
2 4
2 13
4 1
1 16
1 7
1 39
1 5
3 22
23 30
23 89
23 24
24 86
7 32
17 67
17 44
16 18
16 53
10 32
10 92
6 18
6 67
8 33
30 29
32 29
32 52
34 92
34 27
44 61
38 39
39 63
39 15
41 47
41 84
46 48
36 74
36 72
27 37
33 72
48 49
49 28
28 74
47 81
69 93
93 70
70 92
92 71
71 72
74 75
98 60
98 97
60 61
54 63
63 84
63 65
67 57
67 0
57 58
58 83
0 9
0 14
9 12