0 34 1 11 56 82 96 2 8 87 3 19 64 69 88 12 43 5 13 42 70 62 7 25 52 9 23 68 76 10 15 28 46 60 61 75 95 14 38 45 18 16 41 49 59 17 72 65 99 20 48 21 54 57 24 26 53 37 32 33 73 79 81 44 50 89
0 34
34 17
34 42
1 82
1 96
11 61
11 95
56 41
56 65
82 25
96 20
96 23
2 8
8 9
8 23
87 7
87 62
3 19
19 28
19 75
64 48
64 76
69 18
69 60
69 72
69 89
88 53
88 62
12 38
43 53
5 13
5 70
13 38
42 32
42 81
42 99
70 23
70 24
62 72
7 52
25 61
52 10
23 28
68 54
76 14
76 21
76 73
15 16
46 38
46 54
60 44
95 57
95 79
14 45
16 49
16 59
41 48
49 26
17 72
72 21
72 33
99 50
20 48
26 53
37 79