0 1 2 3 5 6 8 11 12 13 14 15 17 16 18 19 20 21 23 24 25 26 27 28 30 31 33 35 36 37 38 39 41 42 43 44 45 46 47 48 49 52 54 53 55 56 57 60 61 62 63 64 65 66 67 68 72 75 78 77 79 80 83 84 85 87 92 93 94 97
0 1
0 3
1 63
2 3
3 21
3 31
5 16
6 8
6 24
8 38
11 12
12 16
13 14
14 15
14 17
14 77
17 18
17 36
16 18
16 47
16 61
18 19
19 20
20 43
23 25
23 26
23 46
23 48
24 27
24 85
25 33
25 64
26 30
26 45
27 28
28 62
33 41
33 78
35 61
36 55
36 87
37 44
37 48
39 54
41 42
43 52
44 54
44 57
46 49
46 60
46 65
46 93
47 53
52 56
57 75
60 63
63 67
64 68
64 83
65 72
66 78
66 80
66 84
72 79
78 94
78 97
77 84
84 85
84 92