0 2 4 6 7 9 10 12 13 14 15 16 18 20 21 22 24 26 27 28 30 31 32 33 34 36 38 40 41 42 45 47 48 50 53 55 59 62 63 64 66 67 69 70 74 75 79 80 81 82 83 88 89 90 91 93 94 95 96 98 99
0 55
2 6
4 79
6 7
6 53
6 74
7 63
9 10
9 95
12 64
12 82
13 38
13 53
14 55
15 16
15 90
18 32
20 21
20 95
21 22
22 90
24 63
24 81
26 74
27 28
27 80
30 31
30 59
30 75
31 32
31 88
31 93
33 34
33 75
36 88
40 41
40 48
41 42
42 55
45 67
47 48
48 80
50 93
55 89
62 63
62 91
64 98
66 90
67 74
67 82
69 70
70 96
74 75
79 80
80 81
83 90
91 96
94 95
95 96
98 99