0 50 57 84 1 26 69 2 3 4 11 18 34 58 5 9 32 43 61 25 73 88 97 98 6 42 7 12 8 27 31 60 10 41 16 19 24 94 13 63 87 37 46 68 72 45 17 51 78 49 20 52 21 95 23 55 83 39 47 48 30 77 93 70 76 54 56 89
0 57
0 84
50 1
50 63
50 76
57 2
57 13
57 21
84 89
1 26
1 69
26 68
69 61
69 87
2 3
2 11
2 18
3 58
4 5
4 32
11 19
18 49
18 73
34 9
34 10
34 30
58 8
58 78
5 25
5 97
9 31
43 10
43 20
61 98
25 27
25 94
73 12
73 95
88 27
88 72
97 93
98 54
6 42
42 13
7 12
12 24
27 47
31 41
60 37
60 52
60 68
41 37
16 45
37 70
46 77
45 55
45 78
17 78
51 23
51 76
78 23
78 47
52 83
95 48
39 77
30 77
77 56