52 6 12 37 16 22 76 15 30 96 14 7 87 39 45 92 44 94 57 23 38 68 19 28 13 41 10 59 11 71 31 17 21 99 48 34 65 53 2 3 36 95 93 82 47 24 1 0 32 51 40 78 56 84 88 29 98 77 9 49
52 2
52 94
52 49
6 24
6 95
6 23
12 99
12 45
37 0
16 36
22 15
76 45
76 28
15 88
15 68
30 39
96 14
96 44
14 21
7 40
7 56
87 0
87 78
39 34
39 84
45 1
92 88
44 57
94 21
23 98
23 28
38 41
38 56
38 51
19 71
13 53
10 1
10 77
59 29
59 1
11 40
71 78
31 17
17 82
17 9
21 78
99 48
34 65
53 2
3 36
36 95
93 51
47 24
1 0
1 51
32 51
56 84
88 29
9 49