0 1 2 4 6 8 10 12 13 14 16 18 19 20 22 24 26 27 28 30 31 32 34 35 36 37 38 41 42 45 46 49 50 53 54 57 58 59 61 62 65 66 69 70 72 73 74 77 78 81 82 85 86 88 89 90 93 94 96 97 98
0 2
0 4
0 6
0 8
0 10
0 13
0 14
0 16
0 19
0 20
0 22
0 24
0 26
0 27
0 28
0 31
0 34
1 35
1 36
2 37
2 38
4 41
4 42
6 45
6 46
8 32
8 49
8 50
10 53
10 54
12 57
12 58
13 59
14 61
14 62
16 65
16 66
18 69
18 70
19 72
20 73
20 74
22 77
22 78
24 81
24 82
26 85
27 88
28 89
28 90
30 93
30 94
31 96
32 97
32 98
34 36
57 59
70 72
86 88
94 96