0 6 26 27 1 15 2 28 29 14 31 33 3 19 9 35 4 12 37 38 5 20 42 18 10 44 7 11 46 47 48 8 51 52 53 23 16 56 57 22 24 58 59 61 63 13 64 66 21 69 72 73 17 76 77 79 84 86 88 92 93 95 97
0 26
0 27
6 44
26 52
1 28
1 29
15 72
2 31
2 33
29 59
29 38
14 69
33 73
3 35
19 84
9 52
9 53
35 57
4 37
4 38
12 61
12 63
37 44
38 97
38 77
5 42
20 86
42 88
42 58
18 79
10 56
10 57
44 56
44 84
7 46
7 47
7 48
11 58
11 59
46 58
48 79
8 51
51 92
53 63
23 95
16 73
56 93
22 92
22 93
24 97
58 61
58 86
13 64
13 66
64 72
64 77
66 69
66 73
21 88
17 76
17 77
76 95