0 1 10 2 4 5 6 14 7 8 9 19 11 20 12 13 15 16 27 17 18 29 21 30 22 23 31 24 26 28 39 40 32 34 35 36 37 49 38 41 50 42 43 44 45 46 51 47 48 59 60 52 53 54 55 56 65 57 69 61 70 62 63 64 66 77 68 79 71 80 73 75 76 78 89 81 90 82 83 84 85 86 87 99 91 92 93 94 95 96 97 98
0 1
0 10
1 2
10 11
10 20
4 5
5 6
5 14
6 7
14 13
7 8
8 9
9 19
19 18
19 29
11 12
20 21
20 30
12 13
15 16
15 27
16 17
27 26
17 18
29 28
21 22
30 40
22 23
22 31
23 24
31 32
39 38
39 49
40 41
40 50
34 35
35 36
36 37
37 38
49 48
49 59
41 42
50 60
42 43
43 44
44 45
45 46
45 51
46 47
51 52
47 48
59 69
60 61
60 70
52 53
53 54
54 55
55 56
56 57
65 64
65 66
69 68
69 79
61 62
70 71
62 63
63 64
66 77
77 76
79 78
79 89
80 73
80 81
80 90
75 76
89 99
81 82
90 91
82 83
83 84
84 85
85 86
86 87
99 98
91 92
92 93
93 94
94 95
95 96
96 97
97 98