0 2 25 24 66 68 69 70 76 78 82 84 85 87 88 90 91 92 94 95 96 98 1 36 3 33 44 4 5 10 42 37 7 52 31 9 58 11 56 13 61 14 38 59 15 41 16 55 40 17 20 18 22 23 54 27 30 50 39 47 60 49
0 2
0 25
0 24
0 66
0 68
0 70
0 76
0 78
0 82
0 84
0 85
0 87
0 88
0 90
0 91
0 92
0 94
0 95
0 96
0 98
25 9
24 54
24 41
69 10
88 36
1 36
3 33
3 44
44 4
44 18
5 10
5 42
5 37
42 22
37 30
37 41
7 52
7 31
31 17
9 58
9 11
11 56
56 60
13 61
61 40
14 38
14 59
38 27
59 16
59 20
15 41
16 55
16 40
55 49
17 20
18 22
23 54
27 30
50 49
39 47
47 60