0 1 2 3 4 5 6 7 8 9 10 11 12 14 15 16 17 18 19 20 21 22 23 24 25 26 27 28 29 30 31 32 33 34 35 36 37 38 39 40 41 42 44 45 60 61 62 63 64 65 66 69 70 71 72 73 74 79 78 77 76 81 82 92 93 94 95 96 97 83 84 85 87 88 59 58 46
0 1
0 45
0 59
1 2
2 3
3 4
4 5
5 6
6 7
7 8
8 9
9 10
10 11
11 12
14 15
15 16
16 17
17 18
18 19
19 20
20 21
21 22
22 23
23 24
24 25
25 26
26 27
27 28
28 29
29 30
30 31
31 32
32 33
33 34
34 35
35 36
35 60
36 37
37 38
37 85
38 39
38 84
39 40
39 83
40 41
41 42
44 45
60 61
61 62
62 63
63 64
64 65
64 69
65 66
69 70
70 71
70 81
71 72
72 73
72 76
73 74
79 78
78 77
77 76
81 82
82 92
92 94
93 94
94 95
95 96
95 97
84 87
84 88
87 58
59 46
58 46