0 3 25 27 1 4 30 2 11 32 33 18 34 35 36 7 12 37 38 39 5 8 40 6 44 48 22 49 50 51 10 52 55 57 58 59 60 62 63 13 64 14 20 16 69 15 71 72 24 74 75 17 19 77 78 79 80 81 83 84 21 85 86 87 88 90 23 92 93 95 96 97 98 99
0 25
0 27
3 34
3 35
3 36
25 39
27 96
1 30
4 37
4 38
4 39
30 55
2 32
2 33
11 58
11 59
11 60
32 37
33 75
33 52
18 80
18 81
34 57
36 78
36 62
7 48
12 62
12 63
5 40
8 49
8 50
8 51
40 81
6 44
44 71
48 80
22 92
22 93
49 96
10 55
10 57
52 77
59 90
62 86
62 79
63 72
63 80
13 64
64 88
14 69
20 85
20 86
20 87
16 74
16 75
69 77
15 71
15 72
24 97
24 98
24 99
17 77
17 78
19 83
19 84
80 99
84 95
21 88
21 90
88 92
88 98
23 95
23 96