0 37 50 73 1 80 89 2 19 29 43 57 3 12 87 4 22 47 77 5 9 18 32 6 21 88 92 7 23 8 40 94 31 34 42 46 65 10 64 68 11 71 56 74 13 14 15 51 16 44 17 35 49 20 86 45 96 58 97 30 90 70 79 63 84
0 73
37 15
37 45
37 70
50 20
50 21
73 1
73 68
73 90
1 89
80 43
80 70
89 64
89 79
89 86
2 19
2 43
19 49
29 58
29 97
57 3
57 74
12 56
12 74
87 63
87 96
4 22
4 47
22 8
22 34
47 64
77 34
77 45
5 32
9 31
9 34
9 42
9 65
18 17
18 35
18 46
32 42
6 92
21 56
88 51
88 84
92 71
7 23
23 44
40 13
40 34
40 46
94 30
94 79
34 71
10 64
68 14
11 71
74 15
51 45
16 44
44 58
86 97
96 30