79 84 19 24 47 90 53 43 21 8 31 33 14 61 4 86 74 10 85 50 13 29 11 62 69 55 15 95 83 82 23 65 40 58 27 49 77 16 51 71 89 6 68 2 96 66 37 87 41 94 36 18 44 46 92 88 72 57 97 59 26 64 56 30 32 54 20 98 78 93 60 25 35 39
79 62
79 83
84 49
84 54
84 40
19 29
19 94
24 4
24 44
24 87
47 43
90 56
53 60
53 93
53 68
43 64
21 10
8 89
8 10
8 39
31 14
31 55
31 32
31 36
33 15
14 6
14 37
61 15
61 66
4 16
4 60
86 87
74 78
74 85
50 39
13 40
13 44
29 2
29 71
11 88
11 72
62 77
69 88
55 39
15 51
95 58
95 64
82 37
23 41
23 35
23 30
65 66
40 64
27 89
77 93
16 20
16 56
51 72
51 98
71 59
71 66
71 78
96 88
96 35
96 26
66 64
87 57
18 39
44 25
44 92
46 98
97 20
54 39