1 53 2 27 3 52 4 70 39 7 29 8 10 11 75 68 13 16 73 17 19 20 81 21 78 22 40 23 24 35 25 58 26 62 28 86 30 31 71 32 33 49 34 74 36 37 51 41 43 76 46 0 47 48 67 50 54 79 57 59 60 61 64 72 77 80
1 43
1 86
53 28
53 8
2 27
2 75
2 0
3 52
3 0
3 72
4 41
4 36
70 10
70 47
70 86
39 49
39 58
7 29
7 75
7 58
29 60
8 76
10 19
10 0
11 64
11 0
68 46
13 16
13 30
16 61
73 41
73 19
17 47
20 81
20 50
81 34
81 62
21 78
78 33
22 26
40 51
40 77
23 26
24 35
35 74
25 58
26 50
62 32
86 37
30 71
31 71
71 48
71 79
33 49
74 59
74 46
51 67
51 80
41 50
41 80
43 46
76 64
48 67
54 79
57 72