0 13 19 70 81 83 92 1 56 2 34 40 74 3 4 96 5 35 6 91 7 57 9 11 55 80 30 68 82 12 36 50 25 38 14 37 15 16 33 17 18 29 20 85 66 65 21 22 49 23 24 26 42 99 58 90 95 54 61 43 41 39 93 45 47 89 88
0 13
0 81
0 83
13 80
19 66
19 68
70 56
70 61
81 42
83 99
92 3
92 7
1 56
56 47
2 40
2 74
34 16
34 30
40 15
40 35
74 7
74 26
74 68
74 90
4 96
96 7
5 35
35 43
6 91
91 66
91 88
57 29
57 36
57 65
9 11
9 55
11 68
55 58
80 41
30 20
68 25
68 36
68 95
82 37
82 66
12 36
12 50
50 45
38 85
14 37
33 21
33 90
17 29
18 20
18 85
20 65
65 23
65 24
65 61
22 49
49 89
49 93
95 41
54 39
54 43
43 93