0 45 1 94 37 20 65 4 23 15 73 39 89 35 2 57 77 55 95 5 68 62 88 18 40 96 34 54 19 78 8 9 17 63 6 14 91 60 26 59 52 21 7 28 42 11 90 47 79 83 29 84 50 3 27 25 75 16 58 31 99 86
0 45
0 42
45 73
45 63
1 94
94 35
94 60
94 16
37 6
37 75
20 65
65 2
65 19
4 23
23 96
23 68
23 58
15 78
73 91
73 50
39 89
39 77
39 55
39 84
89 40
89 83
35 2
35 7
35 3
57 77
55 95
95 7
5 68
5 21
68 9
68 91
62 88
62 79
88 31
18 17
40 78
96 8
96 52
34 54
34 63
34 17
54 28
78 90
6 14
14 47
14 86
60 59
60 99
26 59
26 21
42 27
11 90
47 84
79 25
83 25
29 84