0 9 18 25 26 1 8 20 29 2 24 31 3 4 11 36 12 16 37 38 39 5 15 40 41 42 6 14 43 7 46 17 49 50 51 52 53 10 21 56 58 59 60 61 63 66 67 68 70 71 72 73 75 78 19 79 80 82 85 86 87 22 88 89 90 91 97 99
0 25
0 26
9 52
9 53
18 79
18 80
25 59
26 56
1 29
8 49
8 50
8 51
20 85
20 86
20 87
29 39
2 31
24 97
24 99
31 87
31 36
3 36
4 37
4 38
4 39
11 58
11 59
11 60
12 61
12 63
16 73
16 75
38 91
38 71
5 40
5 41
5 42
15 70
15 71
15 72
40 59
41 66
42 68
6 43
14 67
14 68
43 88
7 46
46 99
17 78
49 97
50 71
51 78
52 73
53 70
10 56
21 88
21 89
21 90
58 63
61 85
75 90
19 82
80 89
82 86
86 88
22 91