0 2 1 4 5 7 8 9 10 12 11 13 15 18 19 16 20 22 21 26 29 25 33 30 35 39 38 42 40 41 45 49 47 48 50 56 59 55 58 57 60 63 64 65 68 66 69 67 70 74 71 76 75 83 84 80 82 87 88 85 89 91 93 94 92 96 95
0 1
2 1
2 4
2 93
4 48
5 8
5 9
5 55
7 8
8 96
9 89
10 12
10 13
12 11
11 63
13 65
15 16
18 19
18 16
19 48
20 22
20 87
22 21
21 82
26 29
26 75
29 25
33 30
33 49
35 39
35 68
39 38
39 50
42 41
42 75
40 41
41 84
45 49
45 48
47 48
47 70
56 59
56 57
59 58
55 58
57 64
60 63
63 64
65 68
68 67
66 69
66 91
69 67
70 74
70 71
76 75
83 84
83 80
83 82
87 88
88 85
85 89
91 94
93 92
94 92
96 95