0 1 10 11 2 22 21 3 32 31 30 4 24 34 42 40 44 50 94 49 59 5 52 74 75 47 57 25 55 9 8 6 19 39 18 27 17 16 15 38 48 37 98 99 88 89 77 79 87 69 76 86 65 91 80 70 81 72 84 83 60
0 1
0 10
1 11
1 2
11 22
2 3
22 21
22 32
21 31
3 4
32 42
31 30
30 40
4 5
24 34
24 25
34 44
42 52
40 50
50 60
94 84
49 59
49 39
49 48
59 69
5 6
5 15
74 75
74 84
75 76
75 65
47 57
47 48
47 37
25 15
55 65
9 8
9 19
8 18
6 16
39 38
18 27
27 17
27 37
17 16
98 99
98 88
99 89
88 77
89 79
77 87
77 76
79 69
87 86
91 81
80 70
80 81
70 60
81 72
84 83