0 1 2 4 6 8 10 12 13 14 15 16 17 18 20 22 24 25 26 29 30 31 32 33 34 36 37 38 39 40 41 43 44 47 48 49 52 53 55 56 57 58 61 62 63 65 66 67 68 69 70 71 72 73 74 75 76 77 79 80 83 84 85 87 88 90 93 96 97 98 99
0 1
1 2
1 25
4 68
6 30
8 62
10 69
12 13
13 14
13 63
14 15
15 16
16 17
16 57
16 68
17 18
20 70
22 56
24 87
25 26
25 33
26 52
29 72
30 31
31 32
32 33
34 37
36 72
37 38
38 39
38 98
38 79
39 40
39 70
40 41
43 44
43 84
43 90
47 48
48 49
49 84
52 77
53 67
55 56
56 57
57 79
58 67
61 62
62 63
65 66
65 87
66 67
67 68
69 96
69 73
71 72
72 73
73 74
74 75
75 76
75 80
76 77
79 80
80 93
83 84
84 85
85 97
87 88
96 97
98 99