0 1 53 36 2 43 8 72 50 4 83 60 5 49 9 6 20 10 85 82 11 12 39 26 13 92 14 30 15 21 67 59 16 18 37 38 46 48 22 75 24 91 73 76 27 28 32 54 34 35 41 77 93 45 87 89 71 47 88 58 66 51 52 99 62 97 98 68 74 80 81 84 95 96
0 1
1 2
1 72
53 52
53 54
36 34
36 35
36 37
36 77
2 50
43 93
8 72
72 71
50 52
4 49
83 5
83 9
83 62
83 84
60 59
5 6
49 76
9 10
9 82
20 21
20 48
85 27
85 84
82 81
11 12
11 39
11 26
12 92
39 38
13 14
13 30
92 80
92 91
92 93
14 15
14 59
15 16
21 22
67 22
67 68
59 58
59 71
18 46
37 38
38 32
38 73
46 47
48 47
48 66
75 74
75 76
24 73
73 71
73 89
76 77
27 28
35 41
45 71
87 88
71 66
47 88
66 99
51 52
99 98
97 96
97 98
80 81
95 96