0 5 16 25 27 1 21 29 2 9 3 31 33 7 34 35 36 4 11 38 39 12 40 41 6 44 46 48 8 14 50 10 52 54 56 59 60 17 61 62 13 65 66 68 69 15 19 23 71 73 74 75 76 77 78 18 81 82 83 84 20 85 89 90 91 94 95 96 98
0 25
0 27
5 40
5 41
16 73
16 74
16 75
25 89
27 56
1 29
21 89
21 90
29 35
2 31
2 33
9 52
9 54
3 34
3 35
3 36
31 98
33 34
7 46
7 48
36 38
4 38
4 39
11 59
11 60
39 40
39 75
39 90
12 61
12 62
6 44
44 74
46 66
48 96
48 74
8 50
14 68
14 69
50 77
10 56
52 76
56 77
60 94
17 76
17 77
17 78
61 69
62 78
13 65
13 66
65 91
69 71
15 71
19 82
19 83
19 84
23 94
23 95
23 96
76 82
18 81
81 90
83 85
20 85