87 4 21 8 70 54 66 18 50 25 39 27 64 26 49 33 92 3 31 35 80 10 34 19 24 51 52 73 15 63 77 43 9 62 90 30 6 99 0 75 1 37 20 44 91 2 12 81 14 55 28 29 93 48 65 88 23 76 95 69
87 4
87 63
21 39
8 99
8 54
70 33
70 27
70 25
66 77
66 55
66 39
18 25
18 3
18 43
50 91
50 90
25 9
39 20
64 26
64 33
26 63
26 12
49 73
33 48
92 30
92 15
92 1
92 34
31 35
35 24
80 51
10 43
34 99
19 48
24 20
24 0
51 20
51 88
52 65
52 30
73 75
15 43
63 44
77 43
62 93
62 23
90 93
6 99
99 75
37 44
20 81
91 2
91 69
91 95
81 14
81 76
55 93
28 29
29 23