65 50 89 96 10 67 29 49 87 68 84 63 6 81 24 22 12 4 41 83 92 26 93 21 13 86 88 11 91 95 71 7 18 47 14 28 39 61 33 69 78 8 94 53 48 23 99 97 2 79 45 66 25 77 0 9 72 1 60 59 31 51 3 27 16 52 15 5 43 70
65 50
65 78
65 52
89 71
89 25
96 94
96 11
10 67
67 6
67 33
29 87
49 95
87 28
87 26
87 99
68 41
68 48
84 63
84 93
6 27
81 48
24 22
24 5
22 86
22 72
12 69
12 95
12 0
12 70
4 41
4 33
41 1
83 92
83 97
26 93
93 2
93 97
21 95
13 11
13 25
86 66
88 11
88 8
91 39
91 61
91 23
95 60
95 59
71 33
7 18
18 47
18 77
14 69
33 97
33 53
78 94
53 23
23 79
23 45
23 16
99 72
79 51
77 0
9 15
9 60
9 72
31 51
3 52
15 43