0 50 51 53 55 57 58 59 65 70 72 76 81 82 85 87 99 1 69 75 77 83 90 2 62 63 71 88 3 73 4 5 6 94 7 96 8 9 10 11 12 13 14 15 16 17 18 19 20 21 22 23 24 25 26 27 28 29 30 31 32 33 34 35 36 37 38 39 40 41 42 43 44 45 46 47 48 49
0 50
50 11
50 27
50 41
51 3
51 11
51 12
51 26
51 28
51 35
51 44
51 77
51 96
53 31
53 65
53 94
55 13
55 17
57 6
57 18
57 19
57 36
58 5
58 34
59 29
59 48
65 32
65 45
70 2
70 22
70 29
72 1
72 25
72 82
72 83
72 90
76 17
76 35
76 42
81 5
81 9
82 40
85 4
85 7
85 15
85 21
85 44
87 16
87 22
99 8
99 37
69 33
69 62
75 4
75 88
77 14
77 24
83 2
83 23
83 34
90 20
62 18
62 43
62 47
63 8
63 22
63 39
63 43
63 46
71 35
71 38
88 49
73 30
73 34
94 40
96 10
96 37