0 22 27 1 12 7 28 29 30 2 6 31 3 16 34 35 4 9 21 37 5 40 41 42 43 44 45 20 46 47 48 8 50 10 52 53 54 17 55 11 60 61 62 63 13 65 68 15 71 19 73 74 76 77 80 82 83 23 85 86 87 88 89 90 91 92 93 94 95
0 27
22 91
22 92
22 93
27 83
1 28
1 29
1 30
12 61
12 62
12 63
7 46
7 47
7 48
28 60
29 42
30 45
30 47
2 31
6 43
6 44
6 45
31 43
3 34
3 35
16 73
16 74
34 37
34 44
35 73
35 53
4 37
9 52
9 53
9 54
21 88
21 89
21 90
5 40
5 41
5 42
40 93
41 71
20 85
20 87
46 65
47 76
8 50
50 77
10 55
52 82
53 94
54 55
17 76
17 77
55 68
11 60
63 95
13 65
15 71
19 82
19 83
73 86
80 90
82 89
23 94
23 95
86 87