0 8 17 24 78 1 16 29 50 57 85 96 2 49 94 3 18 34 4 76 5 98 6 72 7 22 19 23 9 60 10 12 11 27 36 53 89 95 14 15 39 92 61 20 88 21 54 37 44 62 93 31 26 56 66 68 35 45 43 51 81 97 70 52 71 84
0 17
8 19
8 23
17 23
17 57
24 44
24 62
24 93
78 7
78 52
1 29
1 50
1 85
1 96
16 2
16 49
29 10
29 27
29 66
50 81
57 35
85 56
96 88
2 94
49 5
49 9
49 37
49 45
49 88
94 43
3 34
18 22
18 92
34 12
4 76
76 26
76 84
98 31
98 71
98 84
6 72
72 51
7 22
22 39
19 61
23 60
60 95
12 36
12 53
11 27
36 15
36 45
36 54
53 89
89 14
95 21
95 97
39 45
39 51
92 20
92 31
92 70
61 43
88 68
44 97