0 10 13 25 27 1 5 19 28 2 9 33 3 34 4 21 7 38 39 40 41 42 6 16 43 44 20 46 47 48 8 11 49 51 17 52 53 54 56 57 12 58 59 60 62 18 64 65 66 14 15 67 68 70 71 72 73 74 75 77 81 82 83 22 23 85 86 88 89 90 92 24 94 97 99
0 25
0 27
10 56
10 57
13 64
13 65
13 66
25 89
25 56
27 42
27 70
1 28
5 40
5 41
5 42
19 82
19 83
28 66
2 33
9 52
9 53
9 54
33 97
33 86
3 34
34 58
4 38
4 39
21 88
21 89
21 90
7 46
7 47
7 48
38 88
39 82
40 60
41 47
6 43
6 44
16 73
16 74
16 75
43 57
44 51
20 85
20 86
8 49
8 51
11 58
11 59
11 60
49 52
17 77
56 92
12 62
62 64
18 81
65 81
66 90
14 67
14 68
15 70
15 71
15 72
67 71
68 74
73 94
74 86
77 89
22 92
23 94
24 97
24 99