93 49 1 18 19 65 2 47 22 67 92 5 68 6 27 63 7 79 8 58 30 9 24 11 48 31 60 12 44 70 20 14 90 94 15 32 39 62 16 28 80 17 53 71 34 52 46 21 86 89 75 23 72 84 82 54 29 55 37 78 99 97 73 69 91 64 85
93 6
93 79
49 91
1 18
1 65
18 8
18 19
18 34
19 52
65 23
2 47
47 73
22 5
22 20
22 75
67 15
67 53
92 7
5 68
68 80
68 71
6 27
6 63
27 21
7 79
8 58
8 30
58 89
30 24
9 24
11 48
11 31
11 60
48 12
31 55
60 84
12 70
44 29
44 82
70 91
14 90
14 94
90 39
90 85
94 46
15 32
15 39
32 84
39 37
62 55
62 73
16 28
28 82
28 54
80 78
17 53
71 21
34 78
34 99
21 86
86 64
86 84
89 69
72 64
72 97
54 73