0 78 95 68 1 24 54 66 2 90 5 65 92 3 8 7 52 4 39 69 29 12 58 75 6 20 47 9 16 48 11 64 13 56 45 85 17 99 21 26 59 22 23 62 25 82 51 27 50 32 88 36 96 41 42 94 98 53 49 60 70 97
0 78
0 68
78 25
78 50
95 9
95 32
95 50
95 88
68 13
1 24
1 54
1 66
24 65
54 36
54 56
66 6
66 50
2 90
2 5
2 92
90 97
5 29
65 17
65 94
92 21
3 8
3 7
3 52
8 47
7 6
52 23
52 49
4 69
39 29
39 96
69 51
69 53
12 64
58 75
75 36
75 60
6 20
20 99
47 62
16 11
16 85
48 22
48 36
64 26
45 59
85 70
21 26
21 59
26 25
26 51
62 27
25 82
82 98
88 41
96 70
42 94