0 4 3 1 2 17 14 12 18 20 6 13 5 7 9 53 76 29 30 31 32 33 34 35 36 37 38 39 40 50 55 56 58 51 61 52 54 63 65 78 79 66 67 68 69 85 70 71 72 73 74 75 77 84 88 95 82 83 91 86 87 98 92 81 80 89
0 4
0 3
4 2
4 6
4 13
3 14
3 20
1 2
2 18
17 13
17 53
17 76
14 9
12 13
20 29
6 7
5 7
53 55
53 58
76 78
29 30
30 31
31 32
32 33
33 34
34 35
35 36
36 37
37 38
38 39
39 40
50 56
50 58
55 51
56 54
58 52
51 61
61 63
65 78
78 66
78 70
78 72
78 73
78 74
79 67
79 68
79 69
79 71
79 74
79 75
79 77
69 85
85 91
84 95
84 82
88 83
82 83
83 92
91 92
86 98
87 81
98 80
92 89
81 80
80 89