0 16 76 98 1 31 2 54 3 11 4 5 6 41 7 19 57 28 8 25 34 52 9 39 10 29 30 12 46 13 27 51 14 33 15 35 18 32 20 21 59 66 22 37 23 24 63 60 26 64 40 67 53 61 43 42 38 58 56 62 45 50 47 48
0 16
0 76
0 98
16 15
16 35
76 10
98 47
1 31
31 5
31 14
31 26
2 54
54 4
54 32
3 11
11 30
11 19
6 41
41 34
41 62
41 63
7 19
7 57
7 28
57 66
28 29
28 67
8 25
8 34
8 52
25 60
34 61
52 35
52 37
9 39
39 56
39 40
10 29
12 46
46 42
13 27
13 51
27 40
51 32
51 48
14 33
33 20
18 32
32 23
32 53
21 59
21 66
59 58
22 37
22 23
37 43
37 42
24 63
26 64
64 38
67 50
38 58
45 50