80 58 14 7 20 86 94 42 92 12 47 50 44 82 59 63 81 64 0 74 6 48 5 24 41 19 89 30 3 28 23 9 37 97 67 27 61 10 16 54 60 65 52 8 51 34 78 71 13 66 26 21 72 15 98 4 95 93 17 31 49 2 77 73 79 53 38 69 75 1 22 29 57 18 45 90
80 58
80 94
80 82
58 3
58 10
58 18
14 61
14 42
14 71
7 19
20 8
86 94
86 57
94 27
42 45
92 28
12 51
12 30
47 50
50 34
50 30
50 15
50 53
50 75
44 82
82 54
59 63
59 89
59 60
81 19
64 98
64 22
0 74
74 98
74 75
6 34
48 5
48 13
24 15
24 79
41 4
41 17
41 21
19 30
89 71
3 28
23 97
23 69
9 37
37 97
37 21
97 26
97 49
67 26
67 13
67 73
27 65
61 10
10 69
16 54
60 2
65 52
65 1
8 79
51 66
51 29
78 71
71 22
13 95
66 77
72 49
72 90
95 93
31 53
77 38