0 11 6 25 26 1 8 30 2 14 24 32 3 17 35 4 21 23 38 5 18 40 41 42 12 43 44 45 7 10 46 47 15 13 19 49 51 9 22 52 54 55 56 57 20 58 59 60 61 65 66 67 68 69 70 73 76 77 78 79 80 81 83 85 86 88 90 91 93 95 96 97 99
0 25
0 26
11 58
11 59
11 60
6 43
6 44
6 45
25 52
25 96
26 97
1 30
8 49
8 51
30 99
2 32
14 67
14 68
14 69
24 97
24 99
32 43
3 35
17 76
17 77
17 78
35 69
4 38
21 88
21 90
23 95
23 96
38 49
5 40
5 41
5 42
18 79
18 80
18 81
40 68
41 85
42 60
12 61
43 46
7 46
7 47
10 55
10 56
10 57
46 91
47 86
15 70
13 65
13 66
19 83
49 70
51 90
9 52
9 54
22 91
22 93
54 55
56 78
20 85
20 86
61 93
65 67
66 73
69 78
78 79
80 83
81 88