0 1 9 6 5 2 10 12 13 17 18 19 22 20 21 23 24 25 26 27 29 30 31 32 33 34 35 36 37 38 39 40 41 42 43 44 45 46 47 48 49 50 51 59 56 55 52 60 62 63 67 68 69 72 70 71 73 74 75 76
0 1
0 9
1 6
1 2
9 10
5 2
10 12
12 13
13 17
17 18
18 19
19 20
19 22
22 23
20 21
23 24
24 25
25 26
25 27
27 29
29 30
30 31
31 32
32 33
33 34
34 35
35 36
36 37
37 38
38 39
39 40
40 41
41 42
42 43
43 44
44 45
45 46
46 47
47 48
48 49
49 50
50 51
50 59
51 56
51 52
59 60
55 52
60 62
62 63
63 67
67 68
68 69
69 70
69 72
72 73
70 71
73 74
74 75
75 76