0 1 5 4 6 9 3 21 2 94 90 92 93 86 7 8 12 88 10 11 13 14 15 16 17 18 19 20 35 22 52 23 24 71 25 87 26 91 28 29 30 31 32 33 34 36 83 37 38 39 43 51 45 79 46 80 47 49 50 53 54 62 57 58 84 59 60 61 63 64 65 78 67 70 77 74 75 85 82
0 90
1 5
1 4
1 49
1 62
1 80
1 29
5 9
4 2
6 93
6 74
9 88
9 28
9 54
3 21
3 2
2 94
2 12
94 92
94 30
94 47
94 23
90 38
92 51
92 15
93 86
93 50
86 19
7 8
7 38
8 12
12 11
88 82
88 64
10 11
10 31
11 39
11 52
13 91
14 87
15 85
16 17
16 78
17 18
18 19
19 20
19 61
20 35
35 34
22 52
52 67
23 32
24 71
24 25
24 26
71 74
25 87
26 91
91 29
31 57
32 63
33 34
36 83
36 64
83 37
83 84
43 51
45 79
79 64
46 80
53 54
58 84
59 60
60 61
65 78
70 77
77 75
75 85