0 7 4 44 94 97 1 3 2 66 63 50 37 30 58 5 38 6 20 42 8 18 49 9 15 10 62 61 11 12 70 13 40 14 53 73 60 64 17 32 19 54 21 65 22 72 23 24 55 57 25 27 28 56 29 31 36 34 41 43 46 47 59
0 7
0 4
0 44
0 94
0 97
7 42
4 37
4 30
4 58
44 15
44 53
94 24
97 28
1 3
3 63
3 50
2 66
66 10
63 23
63 31
50 40
50 53
30 27
5 38
38 22
38 62
6 20
20 70
8 18
8 49
18 11
49 17
9 15
15 60
10 62
10 61
61 25
61 29
12 70
70 17
13 40
40 36
14 53
14 73
73 46
64 47
64 57
64 59
17 32
32 29
32 36
19 54
54 27
21 65
65 25
22 72
72 34
24 55
24 57
55 41
28 56
56 43