14 5 8 25 4 2 3 32 33 12 34 35 36 23 37 38 39 17 40 6 19 45 7 11 20 47 48 16 51 9 21 53 54 58 59 60 61 62 63 64 67 68 69 70 24 73 74 76 78 82 83 84 86 88 90 94 96 97 98 99
14 68
14 67
14 69
5 40
8 51
25 76
25 45
4 39
4 38
4 37
2 33
2 32
3 36
3 34
3 35
32 64
33 47
12 62
12 63
12 61
34 59
35 82
36 38
36 69
23 94
23 96
39 47
17 76
17 78
40 97
6 45
19 82
19 83
19 84
7 47
7 48
11 59
11 58
11 60
20 86
48 53
16 74
16 73
51 90
9 53
9 54
21 90
21 88
62 74
63 68
70 96
24 98
24 97
24 99
73 94
78 83
83 99
86 90
88 97