0 16 15 24 25 26 1 13 21 28 29 30 2 22 32 33 3 6 12 35 4 20 37 5 10 40 41 42 7 11 9 19 44 45 46 47 8 14 23 51 17 54 56 58 59 60 61 62 66 69 70 71 72 73 74 76 78 18 79 80 83 86 87 88 89 92 93 95 96 98
0 25
0 26
16 73
16 74
15 70
15 71
15 72
24 98
25 56
26 87
1 29
1 30
13 66
21 88
21 89
28 29
29 73
30 83
2 32
2 33
22 92
22 93
32 44
3 35
6 44
6 45
12 61
12 62
35 72
4 37
20 86
20 87
37 60
5 40
5 41
5 42
10 56
40 60
41 76
42 74
7 46
7 47
11 58
11 59
11 60
9 54
19 83
45 72
46 62
47 54
8 51
14 69
23 95
23 96
51 79
17 76
17 78
54 78
58 92
58 80
61 98
66 89
69 70
71 79
74 86
18 79
18 80
86 88
93 95