0 25 26 27 1 16 28 29 2 9 31 3 35 4 37 38 39 40 6 14 43 21 46 13 51 52 53 54 10 19 55 56 60 17 63 18 64 65 67 68 69 15 23 71 73 74 75 76 77 78 79 80 81 82 83 84 88 89 93 96 97
0 26
0 27
0 25
26 96
26 77
27 73
1 28
1 29
16 75
16 74
28 81
29 79
2 31
9 52
9 54
9 53
31 97
3 35
35 97
35 53
4 39
4 37
4 38
39 75
39 83
40 93
6 43
14 69
14 67
14 68
43 81
43 52
21 88
21 89
46 71
13 65
13 64
51 82
54 84
10 56
10 55
19 84
19 83
19 82
55 74
60 74
17 76
17 78
17 77
63 64
18 80
18 81
65 80
68 73
69 71
15 71
23 96
73 83
78 89
88 93