0 1 2 21 3 4 5 38 11 70 76 10 68 26 12 13 14 96 15 43 57 18 19 61 20 83 22 23 77 24 53 25 74 27 29 30 82 86 32 92 54 36 37 69 59 97 48 49 63 50 81 56 94 58 67 60 93 66 80 79 71 87 95
0 1
1 2
1 21
2 3
21 20
3 4
4 5
5 38
38 37
11 10
11 12
70 69
70 71
76 77
10 26
68 67
68 69
26 25
26 27
12 13
13 14
13 96
14 43
96 95
96 97
15 57
57 56
57 58
18 19
18 61
19 83
61 60
83 82
22 23
22 77
23 24
23 53
24 25
53 54
25 74
29 30
29 82
30 86
82 81
86 87
32 92
92 93
36 37
37 59
59 58
59 60
48 49
48 63
49 50
50 56
81 80
94 93
94 95
67 66
60 93
66 79
80 79