0 2 3 5 4 10 12 13 6 7 9 11 14 15 18 21 27 25 30 19 32 33 20 24 26 31 34 35 39 41 42 37 38 44 45 46 51 49 50 52 55 56 59 58 65 62 64 67 73 70 69 72 71 76 77 78 74 81 88 79 82 80 84 83 89 86 91 99 90 95 96 97
0 2
2 3
3 4
5 6
4 12
10 9
10 11
10 13
12 18
12 13
13 14
13 21
6 7
6 9
11 15
15 27
15 25
18 30
18 32
21 20
25 24
25 26
19 33
19 20
32 31
33 34
33 35
34 39
35 41
39 38
39 42
41 44
37 38
44 45
45 46
45 51
51 49
49 50
50 52
52 55
55 56
55 59
59 58
59 65
65 64
65 67
62 64
67 73
73 72
73 77
70 71
70 76
69 72
71 77
76 74
76 81
77 88
77 79
78 79
81 84
88 89
79 82
82 80
82 83
89 86
89 99
86 91
91 90
99 97
95 96
96 97