0 32 71 61 94 1 7 11 22 2 51 3 59 34 89 96 4 92 49 85 5 40 78 6 42 70 66 15 9 8 12 10 82 29 87 39 99 23 73 13 14 16 17 80 18 98 19 20 68 24 30 47 58 35 43 25 26 72 64 50 36 60 37 53 67 56 77
0 32
0 61
32 85
71 19
71 35
71 72
61 80
94 56
94 99
1 7
1 22
7 3
7 42
7 11
7 9
11 39
11 99
22 12
22 30
22 47
22 58
2 51
51 67
51 64
3 96
3 4
59 36
59 99
34 24
34 50
89 13
89 96
96 14
96 66
4 92
92 29
49 40
49 78
85 16
5 40
40 58
40 64
78 18
6 42
42 25
42 37
42 43
70 12
70 20
15 82
8 12
12 23
12 73
10 29
82 14
87 98
17 80
80 26
18 98
20 68
68 26
24 35
24 43
64 53
36 60
60 77