1 2 3 4 5 6 7 9 11 13 14 15 20 21 22 24 26 28 29 30 31 33 37 39 40 41 42 43 45 46 49 52 54 56 58 60 62 64 66 68 72 73 74 75 76 77 78 79 80 83 84 86 88 90 92 93 95 97 98 0
1 2
2 3
3 6
4 5
4 7
5 6
6 9
7 11
9 14
13 14
14 15
14 20
15 21
20 26
21 28
22 29
22 30
24 31
26 33
29 37
30 39
31 39
33 41
37 46
39 40
39 49
40 41
41 42
42 43
43 52
45 54
46 56
49 58
52 62
54 64
58 66
60 68
64 72
66 74
68 75
72 79
73 74
73 80
74 75
75 76
76 77
77 78
77 83
77 84
78 79
80 86
83 88
84 90
88 92
88 93
92 95
93 97
95 98
98 0