2 4 6 8 12 13 14 17 21 22 24 25 27 28 29 31 35 36 39 41 42 45 51 54 56 63 64 65 66 67 68 69 70 71 73 74 75 76 78 79 80 81 82 83 84 85 86 87 88 89 90 91 92 93 0 46 61 57 60 62 43 52 50
2 4
4 8
6 13
8 17
12 25
12 24
13 27
14 28
14 29
17 35
21 42
22 45
25 51
27 54
28 56
31 63
35 65
36 66
39 67
41 68
42 69
45 70
51 73
54 75
56 76
63 79
64 80
65 80
66 81
67 81
68 82
69 82
69 43
70 83
71 83
71 46
73 84
73 50
74 85
74 52
75 85
76 86
76 57
78 87
78 61
78 60
79 87
79 62
80 88
81 88
82 89
83 89
84 90
85 90
86 91
87 91
88 92
89 92
90 93
91 93
92 0
93 0