0 60 9 1 8 2 16 75 74 3 4 63 5 48 6 46 11 40 38 92 14 78 50 10 72 87 93 12 58 82 13 47 90 15 59 24 17 18 30 22 69 84 21 25 51 32 28 29 88 36 42 33 54 71 55 73 37 39 41 96 80 44 86 45 61 52 66 89 79 81 99
0 60
0 9
60 52
9 3
9 50
1 8
8 14
8 78
2 16
2 75
2 74
16 24
75 42
75 80
75 81
74 39
74 63
4 63
63 29
5 48
48 38
6 11
46 38
46 71
11 93
40 17
40 58
38 84
92 50
92 79
78 79
10 87
72 13
72 15
72 21
72 51
72 55
87 41
87 69
87 99
87 89
93 80
93 82
93 88
12 58
12 82
58 22
13 47
47 61
90 54
90 66
90 89
59 71
18 30
30 36
69 28
69 86
84 37
25 51
25 32
32 88
36 73
33 54
54 45
54 79
71 96
71 73
96 66
96 80
44 86