8 4 10 5 16 9 18 23 12 24 27 21 7 30 6 33 34 36 2 37 3 15 19 40 1 20 42 26 43 44 0 45 46 17 22 31 51 52 53 55 25 56 57 58 59 60 62 64 66 67 28 38 68 11 70 72 73 74 14 75 77 78 79 35 80 81 82 83 87 89 90 91 92 95 97 99
8 4
8 10
8 67
4 45
10 51
10 89
5 18
5 83
16 9
16 90
18 24
23 12
23 33
23 56
12 43
27 21
27 72
21 30
7 34
30 37
6 64
34 97
36 2
36 83
2 68
37 3
3 53
3 92
15 90
19 59
40 1
40 80
40 91
20 60
42 26
42 55
42 57
26 62
43 75
44 0
44 68
44 95
0 53
45 82
46 17
46 22
46 78
17 52
31 82
51 87
52 70
55 25
55 56
58 92
59 72
60 80
62 64
64 79
66 74
67 28
67 38
28 70
38 73
68 11
11 87
70 99
73 91
74 14
14 80
77 89
78 90
79 81
35 81
81 89
87 97