0 49 84 1 15 86 80 2 74 76 3 44 10 4 52 5 6 35 7 13 58 46 9 78 81 11 65 12 37 14 16 54 83 17 18 19 79 20 21 31 22 45 62 23 75 25 27 28 42 61 90 67 91 36 92 63 68 89 51 56 72 59 66 60 77 64 73 82
0 49
0 31
49 46
84 56
84 82
1 15
1 62
15 72
86 83
86 64
80 45
2 76
74 65
76 62
3 10
44 21
44 77
10 81
4 42
52 91
52 73
5 18
5 67
6 35
6 28
35 75
7 9
13 14
13 45
58 18
46 20
46 23
9 67
78 27
78 83
81 72
11 65
65 25
65 56
12 37
12 17
37 89
16 54
16 83
54 68
83 89
83 90
18 73
19 79
19 21
21 31
21 68
22 45
22 62
25 63
28 63
42 92
61 92
61 77
90 66
36 63
68 73
51 56
56 72
72 64
59 66
60 77