0 11 26 27 1 9 12 29 2 23 21 33 3 34 4 6 37 5 20 42 43 44 45 7 10 47 48 8 14 51 19 52 53 54 16 55 56 58 60 17 61 62 13 65 66 68 69 15 72 75 77 18 79 81 84 85 86 88 89 90 91 94 96 98 99
0 26
0 27
11 58
11 60
26 61
27 65
27 85
27 98
1 29
9 52
9 53
9 54
12 61
12 62
29 60
2 33
23 94
23 96
21 88
21 89
21 90
33 54
33 94
33 91
3 34
34 81
4 37
6 43
6 44
6 45
37 69
37 91
5 42
20 85
20 86
42 88
43 66
44 56
7 47
7 48
10 55
10 56
47 53
47 60
47 99
48 61
8 51
14 68
14 69
51 69
19 84
16 75
58 72
17 77
13 65
13 66
68 79
15 72
72 77
75 90
75 86
18 79
18 81
79 84