10 11 12 13 14 15 16 17 18 20 30 31 32 33 34 35 36 37 38 40 50 51 52 53 54 55 56 57 58 60 70 71 72 73 74 75 76 77 78 80 81 82 83 84 85 86 87 88 90 91 92 93 94 95 96 97 98 19 59
10 11
10 20
11 12
12 13
13 14
14 15
15 16
16 17
17 18
18 19
20 30
30 31
30 40
31 32
32 33
33 34
34 35
35 36
36 37
37 38
40 50
50 51
50 60
51 52
52 53
53 54
54 55
55 56
56 57
57 58
58 59
60 70
70 71
70 80
71 72
72 73
73 74
74 75
75 76
76 77
77 78
80 81
80 90
81 82
82 83
83 84
84 85
85 86
86 87
87 88
90 91
91 92
92 93
93 94
94 95
95 96
96 97
97 98