0 1 3 10 12 11 5 6 8 9 19 20 45 22 23 24 30 35 50 43 46 47 48 51 56 49 57 72 52 54 64 71 70 63 65 66 67 86 73 77 76 75 82 87 78 79 83 84 85 32 2 13 34 36 14 21 15 33 18 17 7
0 1
0 3
1 12
3 10
3 11
10 5
10 2
10 13
12 17
11 20
11 21
11 18
5 6
6 8
6 9
8 14
8 7
9 19
19 45
20 22
45 43
22 23
23 24
30 35
30 32
30 34
30 33
35 50
35 36
50 49
50 72
43 46
46 47
47 48
47 51
47 56
48 57
51 52
56 71
49 57
52 54
54 64
64 63
64 65
71 70
70 73
65 66
66 67
67 86
86 87
73 77
77 78
76 75
76 87
75 82
82 83
78 79
83 84
84 85
14 15