0 8 9 6 7 10 11 12 14 18 22 19 20 23 28 29 24 34 33 30 36 39 37 38 40 41 44 43 42 53 48 58 59 56 54 63 60 61 62 65 67 70 71 66 72 74 75 77 76 73 80 78 82 79 87 84 90 91 92 93 94 95 96 98
0 6
8 6
8 14
9 11
9 7
6 7
6 10
6 12
12 18
14 22
18 19
18 20
22 23
23 29
28 24
28 33
29 24
29 34
34 39
33 30
36 38
36 39
36 40
36 41
39 44
37 43
44 42
44 53
43 42
53 56
48 58
58 59
59 54
59 63
56 54
54 61
63 60
60 65
60 67
61 62
67 71
70 66
70 77
71 73
72 73
72 74
72 75
72 76
75 80
77 76
77 82
76 78
80 87
78 79
87 84
84 90
90 91
90 92
90 93
90 94
90 95
91 96
96 98