0 6 69 1 8 58 40 3 4 13 17 36 41 57 55 38 43 42 46 10 80 85 95 24 12 22 83 89 14 52 63 65 66 76 27 77 18 62 19 78 96 98 21 39 75 48 29 30 31 32 87 99 74 73 47 51 82 50 67 72 64
0 6
0 69
6 38
69 80
1 8
8 42
58 40
58 72
58 87
40 18
3 13
4 57
4 17
13 12
13 83
13 89
17 77
36 31
36 48
41 39
57 55
57 75
57 76
57 89
55 30
55 82
38 27
43 48
43 52
43 82
42 99
46 22
10 80
10 85
10 95
80 39
85 18
85 66
95 73
95 98
24 12
24 14
24 21
22 63
14 63
14 66
65 47
65 64
66 78
66 96
77 64
18 62
62 29
19 78
96 50
98 51
75 74
31 32
32 99
50 67