0 61 63 73 75 76 77 83 86 88 90 91 92 94 95 96 97 99 1 12 8 2 22 51 15 3 36 4 33 14 5 20 6 54 7 27 56 9 21 10 24 17 64 16 23 18 49 19 44 25 30 42 59 26 45 28 50 31 43 58 48
0 61
0 63
0 73
0 75
0 76
0 77
0 83
0 86
0 88
0 91
0 92
0 94
0 95
0 96
0 97
0 99
61 3
61 26
63 10
76 14
83 22
86 27
90 31
99 44
1 12
1 8
8 51
2 22
2 51
2 15
15 64
3 36
36 18
36 31
4 14
33 19
33 25
14 17
5 20
20 44
20 25
6 54
54 59
7 27
7 56
56 50
9 21
21 30
24 49
17 23
16 23
23 42
18 49
25 59
30 59
26 45
45 48
28 50
43 58
43 48