0 1 55 2 61 4 54 71 5 40 57 6 87 7 90 8 32 39 17 47 82 12 24 84 13 93 96 14 16 27 86 18 26 20 72 22 92 95 23 49 81 28 56 29 36 30 99 37 33 94 34 60 75 91 41 42 97 44 48 52 59 64 66 73 68 74
0 1
0 55
1 2
55 91
61 40
61 95
4 5
4 57
54 90
71 97
5 87
40 39
40 41
57 94
6 7
6 90
87 84
87 86
7 8
90 91
90 99
32 33
32 93
32 94
39 36
39 91
17 16
17 18
47 48
82 92
12 13
12 93
24 23
24 81
13 14
93 68
96 18
96 27
96 42
96 52
27 26
27 28
27 56
86 81
20 72
72 22
72 73
92 95
95 60
95 64
95 66
95 94
23 49
49 48
28 29
29 30
36 37
99 42
33 34
94 44
60 59
75 44
75 74
97 73
73 74