81 88 99 50 59 3 9 63 2 87 16 68 90 44 58 23 31 25 65 76 61 37 34 84 46 71 91 19 43 64 0 55 93 24 1 4 18 54 48 30 17 75 15 26 32 97 47 40 5 56 35 51 27 11 73 69 66 12 98 10 52 83 8 96 20 77 7
81 99
81 59
88 9
88 3
50 55
50 32
59 20
3 54
9 93
63 40
63 11
2 87
87 4
87 1
87 18
16 68
68 44
68 40
68 51
90 58
90 18
44 25
44 61
58 15
23 75
23 17
31 65
65 11
76 98
61 56
61 37
34 10
34 56
34 1
34 73
84 15
84 27
46 91
46 19
71 73
91 69
43 77
43 73
64 32
0 26
0 32
55 66
93 97
93 1
93 47
24 12
24 5
1 75
54 48
48 30
26 52
32 7
32 73
97 8
40 35
5 69
56 96
35 20
27 98
12 98
83 77