0 1 11 5 2 25 27 8 28 29 6 24 32 33 3 16 14 34 35 4 10 38 15 23 40 42 43 44 7 9 47 48 49 51 18 53 54 55 56 58 59 12 21 61 13 22 66 20 67 72 73 17 77 80 19 84 85 87 88 93 94 95 99
0 25
0 27
1 28
1 29
11 58
11 59
5 40
5 42
2 32
2 33
25 43
27 49
27 93
27 32
8 49
8 51
28 51
28 34
29 66
6 43
6 44
24 99
32 42
33 73
3 34
3 35
16 73
14 67
4 38
10 55
10 56
38 56
15 72
23 94
23 95
44 77
44 99
7 47
7 48
9 53
9 54
47 80
48 67
51 85
18 80
53 55
54 87
55 61
58 94
59 84
59 93
12 61
21 88
13 66
22 93
20 85
20 87
67 95
72 87
17 77
80 88
19 84