0 1 7 3 2 9 5 13 20 8 16 32 17 10 15 11 12 18 51 24 21 37 43 25 19 23 27 28 54 57 30 44 58 80 35 34 40 38 36 48 41 42 45 47 49 82 56 63 59 74 60 64 69 72 65 66 88 67 89 90 70 97 76 75 84 77 93 78 87 81 99
0 1
0 7
1 3
7 8
3 5
2 9
9 17
5 20
13 10
13 51
20 23
20 27
8 32
16 21
16 37
16 43
32 35
17 21
10 15
15 12
15 21
11 12
18 25
18 51
24 19
24 23
21 28
43 38
25 54
28 57
54 63
57 56
57 58
30 58
30 80
44 42
58 59
58 74
80 78
35 34
35 38
34 40
40 36
40 41
40 42
38 48
48 47
41 45
47 49
47 82
82 81
63 65
59 60
60 64
60 69
60 72
64 66
69 90
72 76
65 67
66 89
88 99
89 99
90 97
70 97
76 77
75 84
84 81
77 93
78 87