0 1 2 4 5 7 8 9 11 14 16 17 18 19 21 22 23 25 26 27 28 29 30 31 32 34 35 39 41 42 43 44 45 46 48 50 53 54 55 59 62 63 65 66 67 69 70 71 75 76 78 80 81 83 84 85 86 89 90 91 93 94 95 98
0 1
1 2
1 16
2 42
4 5
4 80
5 95
7 17
8 9
8 39
8 71
8 93
11 41
14 62
14 83
16 17
16 27
18 19
18 48
19 94
21 55
22 98
22 66
22 91
22 25
23 85
23 70
25 26
25 67
27 28
27 50
28 29
28 67
29 32
30 31
31 35
34 35
34 45
35 70
41 42
43 44
43 69
44 45
46 80
48 50
48 55
48 69
48 76
53 54
53 83
53 94
59 94
59 90
62 63
65 66
67 81
69 95
71 80
75 76
78 83
81 84
85 86
89 90