33 95 79 45 2 37 70 43 49 1 10 23 83 76 71 69 34 20 99 39 67 53 32 16 73 51 56 28 66 94 52 31 63 17 64 9 77 47 75 44 42 72 3 11 13 8 21 74 26 98 96 59 12 80 58 90 35 50 93 27 29 48 81 85 25 91
33 43
33 91
95 13
95 63
95 64
95 99
95 11
79 77
79 29
45 80
45 10
2 17
2 1
37 49
37 27
70 9
49 74
1 39
23 75
23 3
23 81
83 64
76 39
71 47
69 91
34 20
20 99
20 85
39 56
67 9
53 77
53 16
32 64
73 58
51 28
51 25
56 59
28 8
28 9
66 93
94 90
94 64
52 93
52 29
31 63
31 35
31 50
17 3
77 58
47 96
44 72
42 93
72 3
3 90
11 48
13 29
21 50
26 96
98 96
98 35
12 80
12 27
27 91
48 91
48 25