0 1 2 4 5 6 7 8 10 11 12 14 15 17 18 19 21 22 24 25 26 28 29 31 32 33 35 36 38 39 40 42 43 45 46 47 49 50 52 53 54 56 57 59 60 61 63 64 66 67 68 70 71 73 74 75 77 78 80 81 82 84 85 87 88 89 91 92 94 95 96 98 99
0 1
1 4
2 5
2 6
4 5
6 7
7 8
7 10
8 11
11 12
12 14
14 15
14 17
15 18
18 19
19 21
21 22
21 24
22 25
25 26
26 28
28 29
28 31
29 32
32 33
33 35
35 36
35 38
36 39
39 40
40 42
42 43
42 45
43 46
46 47
47 49
49 50
49 52
50 53
53 54
54 56
56 57
56 59
57 60
60 61
61 63
63 64
63 66
64 67
67 68
68 70
70 71
70 73
71 74
74 75
75 77
77 78
77 80
78 81
81 82
82 84
84 85
84 87
85 88
88 89
89 91
91 92
91 94
92 95
95 96
96 98
98 99