29 3 15 95 7 82 20 10 8 89 39 58 87 26 96 81 73 61 85 36 33 6 48 94 34 21 2 97 54 22 75 30 19 24 80 76 77 17 40 50 37 70 91 44 53 38 78 1 13 12 41 88 68 83 27 4 49 43 9 72 25 45 23 14 69 28 46 35 55 99 65 93 64 11 84 57 0 32 62 90 74 86 51 5 60 59 79 18
29 3
29 50
29 85
29 11
3 36
3 74
3 40
15 95
95 96
95 2
95 79
7 82
82 41
82 83
82 35
82 89
82 74
20 10
10 68
10 93
10 5
8 89
89 46
39 58
39 87
39 61
58 30
58 12
87 88
87 27
87 25
26 2
26 62
96 43
96 0
81 73
73 21
61 64
85 78
85 69
36 33
36 4
36 13
36 80
33 17
6 48
48 94
48 59
48 2
94 34
34 80
21 38
2 77
97 54
97 49
97 86
54 14
54 57
54 51
22 75
75 40
75 37
19 24
19 91
24 77
24 9
24 53
80 90
76 77
77 12
40 38
70 91
91 93
44 53
53 72
53 84
38 60
1 13
13 32
41 28
4 23
45 23
14 90
55 99
99 93
99 18
65 93