0 43 21 40 18 41 35 2 1 64 70 13 57 3 45 4 5 31 6 32 7 20 8 52 9 72 10 11 28 12 30 14 15 17 24 19 39 53 33 66 23 42 74 62 26 67 27 69 51 29 34 38 58 68 44 49 55 59 63 61 73
0 43
0 21
0 40
0 18
0 41
0 35
0 2
43 6
43 68
21 39
21 53
21 31
21 33
21 66
40 58
18 3
18 4
41 15
41 52
41 72
35 10
35 20
2 70
2 13
2 57
1 64
64 26
64 28
64 57
64 61
70 63
3 45
45 49
5 31
6 32
32 19
7 20
8 52
52 14
52 27
52 29
52 34
52 55
9 72
72 24
11 28
28 69
28 51
12 30
30 69
17 24
24 74
24 62
23 42
42 67
26 67
69 38
68 44
59 63
63 73