14 15 91 87 6 33 34 16 76 57 19 29 31 55 9 92 45 79 40 28 47 23 30 82 52 43 67 70 50 2 24 68 26 42 72 25 46 77 83 8 60 62 49 75 84 63 35 3 27 1 5 39 74 89 37 22 64 48 66 21 10 18 51 17 12 53 41 4 93 0
14 15
15 91
91 87
91 75
87 6
6 33
33 9
33 93
34 45
16 76
16 23
76 84
57 92
57 18
19 29
29 77
31 55
31 60
31 3
92 4
92 12
45 79
79 40
40 22
28 43
47 23
23 30
30 74
82 83
52 43
43 67
67 41
70 50
70 41
50 63
2 17
24 68
68 26
26 42
26 4
42 72
72 62
25 46
46 77
46 4
46 84
83 8
8 60
8 37
60 27
62 27
49 75
75 84
63 35
1 5
5 39
39 74
89 37
37 22
22 64
64 48
48 66
21 10
21 93
51 17
17 12
12 53
53 41
93 0