0 45 59 76 1 84 2 24 49 3 55 4 5 61 65 6 47 72 9 57 92 10 53 96 11 25 12 36 80 13 91 14 15 63 16 87 17 18 70 23 50 69 77 28 29 30 58 82 94 31 32 40 34 52 74 37 93 38 56 42 43 44 83 46 99 51 78 90
0 76
45 3
45 59
59 5
59 31
76 82
1 84
84 4
84 92
2 24
2 49
24 18
49 99
3 55
55 87
5 61
5 65
61 6
65 53
65 80
6 72
47 14
47 23
47 46
72 37
72 56
9 57
9 92
57 14
57 17
57 99
92 10
10 96
53 58
53 69
96 50
11 25
25 50
25 69
12 36
12 80
36 13
36 74
13 91
91 43
91 90
15 63
63 30
16 87
87 52
70 29
70 56
77 28
77 38
30 58
30 82
30 94
94 42
94 83
32 40
40 56
34 52
52 78
37 93
93 38
44 83
51 78