0 14 26 27 1 20 3 29 2 17 31 32 7 18 15 36 4 8 6 37 5 19 40 41 12 22 43 45 47 48 49 50 9 52 53 10 24 55 56 57 11 59 60 61 62 13 66 69 70 75 77 78 79 80 84 87 88 91 96 99
0 26
0 27
14 69
26 75
27 77
27 61
1 29
20 87
3 36
29 77
2 31
2 32
17 77
17 78
31 60
31 45
32 91
7 47
7 48
18 79
18 80
15 70
36 50
4 37
8 49
8 50
6 43
6 45
37 49
37 61
5 40
5 41
19 84
40 80
41 69
12 61
12 62
22 91
43 47
45 87
45 62
48 57
49 96
9 52
9 53
52 66
53 55
10 55
10 56
10 57
24 99
55 79
11 59
11 60
59 88
60 70
62 99
13 66
84 96