0 36 72 85 91 4 53 2 61 3 71 63 79 5 43 80 90 6 7 27 37 52 84 8 24 9 40 10 57 58 12 13 89 15 45 17 95 18 41 19 48 78 21 22 74 42 99 29 31 55 32 69 39 50 54 82 64 68 76 87
0 72
0 91
36 13
36 69
36 74
72 3
72 8
72 18
72 64
85 31
85 50
91 7
4 79
53 22
53 27
53 55
53 84
2 61
61 54
71 24
71 39
63 21
63 37
79 13
79 68
5 43
43 58
80 29
80 54
90 87
90 99
6 27
7 52
27 89
37 52
37 54
37 78
8 24
24 74
9 40
40 69
10 57
10 58
57 15
57 48
57 74
58 12
89 29
89 82
45 74
45 95
17 95
18 41
41 99
19 78
48 42
31 32
32 69
82 76