0 1 2 3 5 6 10 13 14 7 11 17 16 18 15 21 22 20 23 26 25 27 28 30 31 35 38 39 32 36 42 41 43 40 46 47 45 48 60 53 50 51 52 55 56 63 64 57 61 67 66 68 65 71 72 70 73 76 75 77 78 80 81 85 88 89 82 86 92 91 93 96 97 95 98
0 1
1 2
1 3
2 5
2 6
3 10
5 13
5 14
6 7
10 11
13 16
13 18
14 15
11 17
17 20
16 21
16 22
18 23
15 26
26 25
26 27
26 28
27 30
27 31
28 35
30 38
30 39
31 32
35 36
38 41
38 43
39 40
36 42
42 45
41 46
41 47
43 48
40 53
60 53
60 61
53 51
50 51
51 52
52 55
52 56
55 63
55 64
56 57
63 66
63 68
64 65
61 67
67 70
66 71
66 72
68 73
65 76
76 75
76 77
76 78
77 80
77 81
78 85
80 88
80 89
81 82
85 86
88 91
88 93
86 92
92 95
91 96
91 97
93 98