0 1 2 3 5 9 4 6 7 8 19 37 38 39 40 41 42 43 44 45 55 56 57 58 59 60 61 62 63 64 65 66 67 68 69 70 71 72 73 74 75 76 77 78 79 80 81 82 83 84 85 86 87 88 89 90 91 92 93 94 95 96 97 98 99
0 1
1 2
1 19
2 3
3 4
3 37
3 38
3 39
3 40
3 41
3 42
3 43
3 44
3 45
5 4
5 6
5 55
5 56
5 57
5 58
5 59
5 60
5 61
5 62
5 63
9 8
9 91
9 92
9 93
9 94
9 95
9 96
9 97
9 98
9 99
6 7
6 64
7 8
7 73
7 74
7 75
7 76
7 77
7 78
7 79
7 80
7 81
8 82
64 65
64 66
64 67
64 68
64 69
64 70
64 71
64 72
82 83
82 84
82 85
82 86
82 87
82 88
82 89
82 90