0 18 19 29 52 98 1 73 9 53 74 77 3 6 23 65 4 24 31 55 61 5 28 44 7 8 47 97 12 72 81 32 85 10 42 48 56 86 50 13 20 38 63 58 16 37 59 43 99 22 66 40 25 76 26 35 75 82 34 54 41 30 39 90 69 89 49 91 79 83 67
0 18
0 98
18 10
18 61
19 9
19 52
19 59
29 26
29 86
29 98
52 63
52 75
98 66
1 73
73 39
73 54
9 85
53 3
53 20
74 26
74 30
74 75
77 65
3 23
6 31
6 44
23 42
23 99
65 26
65 40
65 50
4 61
24 42
24 44
31 38
55 79
55 99
5 28
28 8
44 59
44 72
7 8
7 47
7 97
8 72
8 81
47 34
47 41
47 49
97 37
12 50
72 32
72 82
32 89
85 13
10 48
10 56
48 39
56 69
86 67
63 83
58 25
58 90
16 37
59 35
43 76
22 66
66 91
25 76
54 90