0 14 85 1 15 29 37 41 2 3 7 9 63 93 34 5 11 71 87 17 48 24 43 45 8 38 31 90 59 62 12 30 95 18 56 44 66 78 89 16 19 20 21 51 22 86 28 81 27 46 50 49 54 76 33 35 40 74 58 94 67
0 14
0 85
14 44
85 17
85 46
1 41
15 2
15 71
29 12
29 51
37 16
37 28
37 95
41 19
3 7
7 24
7 43
7 45
9 31
9 90
63 28
63 78
63 94
93 5
93 11
93 33
93 87
34 46
11 90
71 19
71 35
87 59
87 78
48 89
24 20
45 78
8 38
38 50
90 21
62 56
62 58
30 28
30 49
30 56
95 18
44 21
44 22
66 86
78 35
78 50
89 46
21 51
86 40
81 40
81 54
81 76
27 46
54 35
76 74
74 67