0 82 89 92 1 29 33 70 2 37 3 61 63 4 21 5 53 79 95 6 66 64 99 35 9 16 62 69 10 58 81 23 24 41 60 12 43 68 14 15 48 98 18 31 67 17 40 57 19 34 47 20 36 39 45 46 90 26 97 27 85 96 30 32 54 49 38 77 88 93 84 44 75 65 94 87 86
0 82
82 96
89 27
89 54
92 3
92 86
1 33
1 70
29 2
29 6
29 15
29 31
29 39
29 66
33 3
70 40
70 41
2 37
37 49
3 61
61 12
63 6
63 16
4 21
21 99
5 79
53 9
53 38
79 44
79 87
95 77
95 81
66 20
66 43
64 69
64 75
99 12
35 24
35 41
9 16
9 62
9 69
16 67
62 14
62 58
10 81
58 65
23 24
60 40
68 36
48 31
48 98
98 40
18 57
17 40
57 94
19 34
34 54
47 30
47 32
47 93
20 36
39 96
45 84
46 54
90 54
26 97
97 32
27 85
27 96
85 94
38 77
38 88
38 93
88 84
75 87