0 1 2 3 4 5 6 7 10 13 14 8 27 9 28 38 15 16 20 22 23 25 18 21 24 33 35 36 32 30 41 31 34 43 46 47 39 49 40 44 45 50 51 52 53 48 57 58 59 54 55 60 63 64 66 67 69 61 62 65 68 71 74 76 98 79 70 72 75 77 80 84 86 78 89 81 82 83 88 92 93 85 94 87 91 97
0 1
0 10
1 2
2 3
3 4
3 13
4 14
5 6
5 14
6 7
10 20
14 15
14 23
8 27
27 16
27 18
27 28
27 36
9 28
9 38
38 47
15 16
15 25
20 21
22 21
25 24
25 35
24 33
33 32
35 46
32 41
30 41
41 31
41 40
41 50
41 51
41 52
34 43
43 52
46 45
39 49
49 59
44 45
44 53
50 60
53 63
48 57
48 58
57 67
58 69
59 69
54 55
54 64
55 66
60 71
64 74
66 65
66 67
66 76
67 68
67 98
61 62
62 71
68 79
71 70
71 72
71 80
74 84
76 75
76 77
76 86
98 87
98 88
98 97
72 84
80 81
78 89
89 88
81 82
82 83
83 92
83 93
92 91
93 94
85 94