0 5 21 23 25 27 1 8 15 28 2 3 33 34 35 36 4 9 14 39 40 41 42 6 12 43 44 7 46 22 49 50 51 52 53 10 18 55 11 60 61 62 63 16 65 68 69 20 24 70 72 73 75 17 76 79 80 81 19 83 85 86 88 89 90 91 92 93 94 95 96 97 98 99
0 25
0 27
5 40
5 41
5 42
21 88
21 89
21 90
23 94
23 95
23 96
25 65
25 91
27 49
1 28
8 49
8 50
8 51
15 70
15 72
28 95
2 33
3 34
3 35
3 36
33 51
35 97
4 39
9 52
9 53
14 68
14 69
39 69
40 55
41 62
42 85
42 80
6 43
6 44
12 61
12 63
43 88
44 95
7 46
46 51
22 91
22 92
22 93
52 62
10 55
18 79
18 80
18 81
55 61
11 60
60 75
16 73
16 75
68 93
69 73
69 76
20 85
20 86
24 97
24 98
24 99
70 94
17 76
80 94
19 83
83 98
86 92
88 99