0 32 2 3 19 4 5 6 7 8 9 24 11 38 14 15 39 16 17 26 18 23 27 28 29 43 33 45 35 41 42 46 52 47 48 49 50 51 55 56 57 58 59 60 63 61 64 69 66 75 67 65 70 71 79 78 76 72 74 77 81 82 83 73 84 85 89 86 95 92
0 32
32 19
32 33
2 3
3 4
19 18
4 5
5 6
5 7
5 60
7 8
7 58
8 9
8 24
24 23
11 38
38 35
38 52
14 15
14 39
15 16
39 47
16 17
17 27
26 18
26 27
26 28
26 29
18 23
29 43
43 42
45 42
35 46
41 42
46 47
47 48
48 49
49 50
50 51
55 56
55 58
56 57
59 63
59 61
60 61
63 64
64 69
69 75
66 67
75 84
67 65
67 72
67 74
70 71
70 79
79 78
79 95
78 72
76 77
72 73
74 83
77 81
81 82
82 83
73 84
84 85
84 89
84 86
95 92