0 2 1 4 5 21 88 3 76 7 9 10 11 48 6 90 8 49 12 20 95 14 51 13 17 50 19 22 75 15 23 96 18 28 26 27 45 55 43 53 24 25 81 38 35 41 31 40 32 80 30 74 33 94 64 36 37 54 52 59 56 71 47 62 73 72 67 63 66 57 65 78 98 84 70 86 85 87 99 97
0 2
2 76
1 4
1 88
4 11
4 48
5 6
5 90
21 20
21 43
88 55
3 7
3 9
3 10
3 76
7 6
7 49
9 20
9 95
10 14
10 51
11 51
8 12
8 49
12 50
13 19
13 75
17 18
17 28
50 73
19 15
19 55
22 45
22 53
22 55
15 96
23 24
23 25
23 81
96 71
96 97
18 26
18 27
18 45
28 30
26 40
27 31
27 80
55 63
53 33
24 38
81 41
38 56
35 36
35 37
41 52
32 94
80 94
30 74
33 64
64 84
36 52
36 59
37 54
54 67
52 72
59 65
56 66
47 62
62 98
72 84
67 57
67 86
66 70
65 78
78 85
98 87
70 87
87 99