0 15 26 27 1 18 29 2 19 32 3 6 34 4 10 38 39 5 40 42 12 43 44 45 7 13 46 47 48 8 49 50 51 9 52 55 56 57 11 59 16 61 62 63 64 65 66 14 20 69 23 70 72 73 77 78 21 24 79 80 81 82 83 84 85 86 89 22 91 96 98 99
0 26
0 27
15 70
15 72
26 56
27 43
1 29
18 79
18 80
18 81
29 34
2 32
19 82
19 83
19 84
32 84
3 34
6 43
6 44
6 45
34 82
4 38
4 39
10 55
10 56
10 57
38 72
39 56
5 40
5 42
40 82
42 61
12 61
12 62
12 63
7 46
7 47
7 48
13 64
13 65
13 66
46 84
47 96
47 78
48 69
8 49
8 50
8 51
49 99
50 56
51 73
9 52
52 55
55 80
11 59
59 64
59 81
59 63
16 73
65 86
14 69
20 85
20 86
23 96
77 80
78 91
21 89
24 98
24 99
79 89
22 91