0 1 26 27 28 29 30 2 13 4 31 32 33 3 34 23 24 37 38 39 5 40 6 8 9 19 44 45 7 48 49 50 51 52 53 10 55 56 11 16 58 59 60 12 62 64 65 66 14 68 22 70 73 74 75 17 76 77 18 81 82 83 84 89 91 95 96 99
0 26
0 27
1 28
1 29
1 30
26 55
27 74
28 32
29 68
30 81
2 31
2 32
2 33
13 64
13 65
13 66
4 37
4 38
4 39
31 49
32 89
33 84
3 34
34 52
34 89
23 95
23 96
24 99
39 44
5 40
40 66
6 44
6 45
8 49
8 50
8 51
9 52
9 53
19 82
19 83
19 84
44 50
45 95
45 62
7 48
48 51
10 55
10 56
56 91
11 58
11 59
11 60
16 73
16 74
16 75
58 99
59 65
60 75
12 62
64 89
66 77
14 68
22 91
70 76
17 76
17 77
18 81