0 2 4 5 1 3 6 8 11 7 9 12 14 16 17 13 15 18 20 22 23 19 21 24 26 29 25 27 30 32 35 31 33 36 38 40 41 37 39 42 44 47 43 45 48 50 53 49 51 54 56 59 55 57 60 62 64 65 61 63 66 68 70 71 67 69 72 74 76 77 73 75 78 80 82 83 79 81 84 86 89 85 87 90 92 94 91 93
0 2
0 4
0 5
2 3
4 6
5 1
6 8
6 11
8 9
11 7
11 12
12 14
12 17
14 15
16 13
16 17
17 18
18 20
20 21
20 22
22 19
23 19
23 24
24 26
24 29
26 27
29 25
29 30
30 32
30 35
32 33
35 31
35 36
36 38
36 40
38 39
40 37
41 37
41 42
42 44
42 47
44 45
47 43
47 48
48 50
48 53
50 51
53 49
53 54
54 56
54 59
56 57
59 55
59 60
60 62
60 64
62 63
64 61
65 61
65 66
66 68
66 71
68 69
70 67
70 71
71 72
72 74
72 76
72 77
74 75
76 73
77 78
78 80
78 82
78 83
80 81
82 79
83 84
84 86
84 89
86 87
89 85
89 90
90 92
92 93
92 94
94 91