0 14 7 27 1 22 29 30 2 4 33 3 20 34 36 6 5 37 38 13 24 41 42 12 44 46 47 48 8 16 51 9 15 23 52 54 10 18 57 11 58 60 61 62 63 64 65 66 67 69 70 72 73 74 75 17 77 78 79 80 81 82 85 86 87 88 92 93 94 95 96 97 99
0 27
14 67
14 69
7 46
7 47
7 48
27 73
1 29
1 30
22 92
22 93
29 93
30 47
2 33
4 37
4 38
33 69
3 34
3 36
20 85
20 86
20 87
34 61
36 95
6 44
5 41
5 42
38 52
13 64
13 65
13 66
24 97
24 99
41 58
42 72
12 61
12 62
12 63
44 54
46 78
47 57
48 51
8 51
16 73
16 74
16 75
51 97
9 52
9 54
15 70
15 72
23 94
23 95
23 96
54 74
54 94
10 57
18 79
18 80
18 81
11 58
11 60
58 95
58 66
60 81
62 82
64 85
65 67
70 77
17 77
17 78
77 88