0 34 43 1 35 44 2 36 45 3 40 46 4 30 41 5 39 42 48 6 32 7 8 9 10 53 11 54 12 55 13 56 14 51 57 15 58 16 17 18 19 20 63 21 64 22 65 23 24 25 68 26 27 28 29 73 74 75 70 76 71 77 72 78 79 83 84 85 80 86 81 87 82 88 89 93 94 95 90 96 91 97 92 98 99
0 34
34 68
34 71
34 77
43 6
43 17
43 77
43 86
1 35
1 44
35 9
35 72
44 7
44 10
44 70
44 78
44 87
2 36
2 45
36 73
36 79
45 8
45 11
3 40
40 74
40 83
46 12
46 72
46 83
46 89
4 30
30 73
41 15
41 75
5 42
5 48
39 65
39 76
42 16
42 76
48 14
48 85
6 32
32 75
53 16
53 27
53 90
53 96
11 54
54 17
54 20
54 28
54 80
54 88
54 91
55 18
55 21
55 29
55 81
55 89
55 92
55 98
13 56
56 19
56 22
56 82
56 93
56 99
14 51
51 25
51 94
57 23
57 83
15 58
58 24
58 84
58 95
20 63
63 26
63 97
64 27
64 98
22 65
25 68