0 19 12 25 26 1 15 30 2 21 9 32 3 5 36 4 14 13 39 16 7 24 40 41 42 6 18 45 48 8 50 51 11 52 54 10 23 57 58 59 17 61 62 65 66 67 68 70 71 72 74 75 22 77 79 80 82 83 87 88 90 91 92 94 95 96 97 99
0 25
0 26
19 82
19 83
12 61
12 62
25 57
25 87
26 94
1 30
15 70
15 71
15 72
30 58
2 32
21 88
21 90
9 52
9 54
32 97
3 36
5 40
5 41
5 42
36 61
4 39
14 67
14 68
13 65
13 66
39 91
39 68
16 74
16 75
7 48
24 97
24 99
40 65
6 45
18 79
18 80
45 91
48 68
8 50
8 51
50 66
51 82
11 58
11 59
52 59
54 62
10 57
23 94
23 95
23 96
59 66
59 68
17 77
62 90
71 77
72 75
72 96
74 92
22 91
22 92
77 79
90 99