0 2 55 63 64 66 68 70 73 75 76 78 79 80 82 89 90 94 95 96 1 38 58 28 3 20 4 21 31 5 14 42 7 59 37 9 10 43 11 34 50 12 29 13 15 18 22 25 53 24 27 54 51 30 35 33 57 44 32 36 46 49 60
0 2
0 63
0 64
0 66
0 68
0 70
0 73
0 75
0 76
0 78
0 79
0 80
0 82
0 89
0 90
0 94
0 95
0 96
2 28
55 9
55 25
68 10
70 12
78 22
1 38
1 58
58 9
28 15
3 20
20 25
4 21
4 31
31 44
5 14
5 42
42 24
42 49
7 59
59 36
37 46
10 43
43 60
11 34
11 50
34 29
50 57
12 29
13 15
18 22
22 53
25 54
25 51
53 32
24 27
27 35
27 33
27 57
54 36
51 32
30 35
44 60
46 49