0 80 86 81 35 24 1 67 72 2 34 14 99 3 78 39 4 77 17 94 43 27 61 6 28 9 58 68 20 8 51 21 38 11 32 90 98 53 31 40 15 29 44 47 74 19 97 46 33 63 41 82 65 25 60 73 79 50 48 59 96 64
0 80
0 81
80 64
86 38
86 96
81 9
81 39
81 99
35 50
35 48
24 65
24 77
1 72
67 11
67 78
72 43
72 74
2 99
34 58
34 43
14 27
14 61
14 40
3 39
78 15
78 29
78 38
78 46
78 82
39 29
4 17
4 94
77 27
17 31
17 47
94 20
43 6
43 21
43 40
61 60
28 63
68 38
20 97
20 98
8 51
51 97
21 33
38 25
38 97
32 97
90 50
90 63
98 19
98 41
98 53
98 59
53 74
44 97
74 63
33 73
33 79