0 1 3 2 4 5 6 8 7 9 10 14 11 13 15 17 18 19 20 21 23 24 25 26 27 28 29 30 31 32 33 35 36 37 40 41 68 44 42 50 43 55 46 45 49 47 48 53 51 56 57 60 58 59 61 62 63 64 65 79 66 67 75 69 71 74 76 78 80
0 1
1 3
1 2
1 37
3 4
4 5
4 29
5 6
6 8
6 7
8 9
7 27
9 10
9 28
10 14
14 13
14 11
14 15
15 24
17 18
18 19
18 23
18 26
19 20
20 21
24 25
25 40
26 29
27 31
30 31
31 32
33 35
33 37
35 36
40 41
40 68
41 44
41 64
68 75
44 46
44 55
42 50
50 43
43 55
43 62
55 63
46 45
46 48
45 49
45 66
49 53
47 48
48 74
53 51
56 57
57 60
60 58
60 71
60 75
58 59
59 61
59 67
59 79
62 69
64 76
65 79
66 80
75 78