0 1 2 3 4 6 7 9 11 12 13 14 15 16 17 18 19 22 23 24 25 26 27 28 29 30 31 32 33 34 35 36 37 39 40 41 42 43 44 45 46 47 48 50 57 60 61 62 63 64 65 66 67 68 69 71 72 73 74 75 76 77 78 79 80 81 90 91
0 1
0 2
0 4
0 6
0 7
0 9
0 18
0 71
1 11
2 12
3 13
3 71
4 14
6 15
7 16
9 17
18 19
22 23
22 25
23 24
25 26
25 27
25 28
25 29
25 30
25 31
25 32
25 33
25 34
25 35
25 50
26 36
36 37
39 40
40 41
40 42
40 43
40 44
44 45
44 71
45 46
45 47
45 48
50 57
50 60
57 71
60 61
60 81
61 62
62 63
63 64
64 65
65 66
66 67
67 68
68 69
71 72
72 73
73 74
74 75
75 76
76 77
77 78
78 79
79 80
81 90
90 91