0 57 61 55 70 71 72 73 74 75 76 77 78 79 80 81 82 83 84 85 86 87 88 89 90 91 92 93 94 95 96 97 98 99 1 39 45 7 3 47 46 5 28 6 68 31 8 10 9 25 37 11 20 67 21 13 53 41 14 56 15 44 16 26 17 18 30 64 19 27 69 51 23 24 65 32 33 35 36 49 38 63 60 62
0 57
0 55
0 61
0 87
0 76
0 88
0 98
0 79
0 94
0 93
0 74
0 91
0 70
0 77
0 89
0 83
0 97
0 99
0 78
0 92
57 21
55 8
71 3
72 5
73 6
75 8
76 9
80 15
81 16
82 17
84 20
85 21
86 23
90 28
95 35
96 36
98 38
1 39
1 45
39 32
45 68
45 24
45 46
7 46
7 31
3 47
47 63
47 64
46 19
46 25
5 28
28 41
28 19
6 68
8 10
10 37
9 25
11 20
11 67
67 38
21 14
13 53
13 41
53 23
53 63
14 56
56 62
15 44
44 27
16 26
26 65
17 30
17 18
17 64
19 27
19 69
69 51
65 62
65 60
32 35
32 33
36 49
49 38