0 9 15 26 27 1 19 4 28 29 2 14 31 32 3 36 7 37 38 39 5 21 20 40 41 6 16 43 44 47 48 8 18 49 50 11 52 53 54 10 55 57 60 12 62 13 24 66 67 68 69 70 71 72 73 74 17 78 79 80 81 83 84 86 87 88 89 90 93 95 97 99
0 26
0 27
9 52
9 53
9 54
15 70
15 71
15 72
26 28
27 95
1 28
1 29
19 83
19 84
4 37
4 38
4 39
29 87
2 31
2 32
14 67
14 68
14 69
31 87
32 52
3 36
36 73
36 47
7 47
7 48
37 60
37 44
38 79
5 40
5 41
21 88
21 89
21 90
20 86
20 87
40 55
41 89
6 43
6 44
16 73
16 74
43 93
44 95
47 67
48 78
48 84
8 49
8 50
18 79
18 80
18 81
49 86
50 74
11 60
10 55
10 57
55 66
57 71
12 62
62 79
13 66
24 97
24 99
68 97
17 78
80 90