0 6 7 2 8 3 4 5 10 11 12 9 13 15 21 22 17 16 24 26 29 31 34 27 33 30 36 37 44 39 38 41 40 46 47 48 45 95 52 50 49 53 54 56 57 58 75 63 59 60 61 62 64 65 68 69 73 67 98 74 76 77 81 82 86 90 89 93 94 87 91 92 96 79 80 83 84 88
0 6
0 7
6 12
7 2
2 8
8 9
3 4
4 11
4 9
5 10
10 11
11 16
12 13
13 26
15 21
21 22
22 17
22 29
17 16
24 31
24 30
26 33
26 31
29 34
29 50
34 41
27 33
30 36
36 37
37 44
44 38
44 95
39 38
39 46
41 52
40 47
46 47
46 45
47 48
95 96
50 56
49 53
49 54
53 56
54 58
56 63
57 58
58 75
63 60
59 60
60 61
61 62
61 64
62 98
64 68
64 67
65 68
68 69
73 76
98 74
98 94
76 77
77 81
81 82
82 86
86 90
90 89
90 93
93 94
87 91
87 84
91 92
91 96
79 80
80 83
80 88
83 84