6 73 25 17 8 27 47 54 3 19 87 83 12 61 92 50 0 38 56 62 37 4 43 77 96 39 35 99 29 10 74 86 97 24 70 28 58 91 40 59 82 41 30 36 81 63 34 26 84 46 31 13 93 67 65 60 7 20 23 68 79 52 33 75 64 48 22 49 11 21 1
6 19
6 1
73 48
73 52
25 33
25 84
17 27
17 64
8 23
27 37
47 74
47 86
54 65
54 59
3 48
87 93
87 38
83 68
83 33
83 20
12 77
61 92
92 68
50 82
0 56
0 74
0 68
38 35
38 79
38 11
56 13
62 81
62 28
62 34
37 34
37 26
37 67
4 36
43 91
43 31
77 46
96 93
39 99
39 11
39 52
35 81
99 29
10 81
74 97
97 7
24 28
24 30
70 11
58 40
40 49
40 46
59 31
82 75
41 52
36 64
36 7
36 21
63 49
63 23
26 31
13 60
65 22
75 64
49 11
21 1