31 49 59 48 70 10 63 62 85 67 54 11 6 72 23 7 36 41 45 27 46 78 51 8 40 58 38 30 16 9 15 2 19 1 87 24 68 28 5 35 77 75 32 65 82 22 20 12 81 61 18 73 0 3 4 14 26 43 44 47 57 60 79 83
31 85
31 51
31 58
31 30
31 32
49 48
59 48
59 60
48 35
48 47
70 54
10 9
10 11
63 62
62 8
62 81
62 61
67 72
54 38
11 75
11 23
11 77
11 12
6 58
6 5
72 23
72 73
23 7
23 24
7 20
36 41
36 22
41 40
45 44
45 46
27 26
27 28
46 47
78 16
78 65
78 79
40 24
58 35
58 57
38 9
16 15
15 2
15 14
2 1
2 3
19 18
19 20
1 0
87 24
87 61
24 68
68 28
5 4
82 81
82 83
61 60
3 4
43 44