0 2 3 4 5 7 8 9 11 12 13 14 16 18 19 20 21 22 24 26 28 29 30 33 37 39 40 41 43 44 45 46 47 49 50 53 54 56 57 58 59 62 63 64 65 66 69 70 71 72 73 74 75 78 79 81 82 85 87 89 92 94 95 96 97 98 99
0 99
0 63
0 75
2 13
2 4
3 53
3 26
4 5
4 49
7 19
8 9
8 98
8 41
9 82
11 12
12 13
12 87
12 56
13 14
16 65
18 19
18 50
20 21
21 62
22 75
24 89
28 29
29 30
29 37
30 57
33 71
33 45
39 44
40 41
40 62
41 69
43 44
44 45
46 47
46 94
47 49
49 50
53 54
54 78
56 57
58 59
58 81
59 92
63 64
65 66
66 82
69 70
70 71
71 79
72 73
72 95
73 74
74 81
78 79
79 85
89 94
94 95
95 96
96 97
97 98
98 99