0 1 2 6 7 8 9 10 25 11 13 14 15 16 18 17 19 20 21 22 23 24 3 27 30 32 33 34 35 36 38 39 40 42 41 43 44 45 46 47 70 50 55 56 57 58 59 60 75 61 63 64 65 66 68 67 69 71 72 73 74 53 79 80 82 83 84 85 86 88 89 90 92 91 93 94 95 96 97 98
0 1
0 2
1 98
2 18
6 7
6 8
7 15
7 39
8 11
9 10
10 25
25 20
25 27
13 14
14 15
14 23
15 16
16 18
18 17
18 19
19 20
19 44
20 21
20 3
22 23
22 24
24 38
27 70
30 32
32 35
33 34
33 35
34 42
35 36
38 47
39 40
40 42
42 41
42 43
44 45
46 47
70 69
70 71
70 53
50 55
55 56
56 57
56 58
57 65
57 89
58 61
59 60
60 75
75 79
63 64
64 73
65 66
66 68
68 67
69 94
71 79
72 73
72 74
74 88
79 80
80 82
82 85
83 84
83 85
84 86
84 92
88 97
89 90
90 92
92 91
92 93
94 95
96 97
96 98