0 10 22 25 26 1 11 17 28 30 2 31 3 16 20 9 13 35 4 38 39 5 24 40 42 6 45 7 18 48 8 15 50 52 53 54 21 55 56 57 19 58 59 60 12 62 63 64 66 14 69 70 71 73 74 75 76 77 79 80 84 85 87 88 89 90 91 93 96 97 99
0 25
0 26
10 55
10 56
10 57
22 91
22 93
25 52
26 73
1 28
1 30
11 58
11 59
11 60
17 76
17 77
28 56
30 58
2 31
31 77
31 70
31 89
3 35
16 73
16 74
16 75
20 85
20 87
9 52
9 53
9 54
13 64
13 66
35 75
4 38
4 39
38 64
39 85
5 40
5 42
24 97
24 99
40 50
42 48
42 99
6 45
45 89
7 48
18 79
18 80
48 57
8 50
15 70
15 71
52 93
52 90
21 88
21 89
21 90
19 84
60 63
12 62
12 63
62 96
66 74
14 69
69 87
71 80
84 88
84 96