0 51 56 76 1 38 2 4 40 52 70 77 3 47 53 63 5 39 6 28 7 17 8 54 66 9 65 10 61 86 11 16 84 15 62 73 90 26 85 42 60 99 18 19 81 20 71 21 30 23 87 24 25 48 68 35 36 96 98 91 43 49 59 93 74 82 88
0 56
0 76
51 74
51 85
56 18
56 19
76 70
76 91
76 96
1 38
38 90
2 4
2 70
4 63
40 25
40 90
52 36
52 54
70 16
77 39
77 85
3 47
47 53
53 87
5 39
39 15
6 28
28 16
7 17
17 99
8 54
54 26
54 82
66 21
66 88
9 65
65 49
65 98
10 86
61 16
61 24
61 30
61 42
61 60
61 84
86 23
86 42
86 98
11 16
16 85
84 21
62 87
73 68
90 30
99 20
19 81
81 59
20 71
71 87
71 91
48 36
48 93
68 35
68 49
36 96
98 43